[01:27:48] [main/INFO]: Loading Minecraft 1.21 with Fabric Loader 0.16.9
[01:27:48] [ForkJoinPool-1-worker-3/WARN]: Mod oceansdelight uses the version fdrf-fabric-1.0.2-1.21 which isn't compatible with Loader's extended semantic version format (Could not parse version number component 'fdrf'!), SemVer is recommended for reliably evaluating dependencies and prioritizing newer version
[01:27:49] [main/WARN]: Warnings were found!
 - Mod 'Forge Config API Port' (forgeconfigapiport) 21.0.8 recommends any version of modmenu, which is missing!
	 - You should install any version of modmenu for the optimal experience.
[01:27:49] [main/INFO]: Loading 151 mods:
	- advancednetherite 2.1.6-1.21
	- amendments 1.21-1.2.19
	- architectury 13.0.8
	- artifacts 12.0.6
	   |-- com_electronwill_night-config_core 3.8.0
	   |-- com_electronwill_night-config_toml 3.8.0
	   \-- expandability 12.0.0
	- balm-fabric 21.0.20
	   \-- kuma_api 21.0.5-SNAPSHOT
	- bcc 21.0.1
	- betteradvancements 0.4.2.16
	- betterdeserttemples 1.21.1-Fabric-4.1.2
	   \-- org_reflections_reflections 0.10.2
	- betterdungeons 1.21.1-Fabric-5.1.2
	   \-- org_reflections_reflections 0.10.2
	- betterendisland 1.21.1-Fabric-3.1.1
	   \-- org_reflections_reflections 0.10.2
	- betterfortresses 1.21.1-Fabric-3.1.2
	   \-- org_reflections_reflections 0.10.2
	- betterjungletemples 1.21.1-Fabric-3.1.1
	   \-- org_reflections_reflections 0.10.2
	- bettermineshafts 1.21.1-Fabric-5.1.1
	   \-- org_reflections_reflections 0.10.2
	- betteroceanmonuments 1.21.1-Fabric-4.1.1
	   \-- org_reflections_reflections 0.10.2
	- betterstrongholds 1.21.1-Fabric-5.1.2
	   \-- org_reflections_reflections 0.10.2
	- betterwitchhuts 1.21.1-Fabric-4.1.1
	   \-- org_reflections_reflections 0.10.2
	- cardinal-components 6.1.2
	   |-- cardinal-components-base 6.1.2
	   |-- cardinal-components-block 6.1.2
	   |-- cardinal-components-chunk 6.1.2
	   |-- cardinal-components-entity 6.1.2
	   |-- cardinal-components-item 6.1.2
	   |-- cardinal-components-level 6.1.2
	   |-- cardinal-components-scoreboard 6.1.2
	   \-- cardinal-components-world 6.1.2
	- carryon 2.2.1
	- cloth-config 15.0.140
	   \-- cloth-basic-math 0.6.1
	- collective 7.87
	- configurable 2.2.1
	- cupboard 1.21-2.7
	- diamond 1.21-1.6.7
	- dynamictrim 2.0.0
	- easyanvils 21.0.5
	- easymagic 21.0.4
	- easyshulkerboxes 21.0.3
	   \-- iteminteractions 21.0.5
	- elytraslot 9.0.1+1.21.1
	- enchantment_lore 1.4.1
	   \-- server_translations_api 2.3.1+1.21-pre2
	        \-- packet_tweaker 0.5.1+24w03b
	- expandedstorage 14.1.3
	- fabric-api 0.102.0+1.21
	   |-- fabric-api-base 0.4.42+6573ed8cd1
	   |-- fabric-api-lookup-api-v1 1.6.68+b5597344d1
	   |-- fabric-biome-api-v1 13.0.29+5bd9f1bcd1
	   |-- fabric-block-api-v1 1.0.22+0af3f5a7d1
	   |-- fabric-block-view-api-v2 1.0.10+6573ed8cd1
	   |-- fabric-blockrenderlayer-v1 1.1.52+0af3f5a7d1
	   |-- fabric-client-tags-api-v1 1.1.15+6573ed8cd1
	   |-- fabric-command-api-v1 1.2.49+f71b366fd1
	   |-- fabric-command-api-v2 2.2.28+6ced4dd9d1
	   |-- fabric-commands-v0 0.2.66+df3654b3d1
	   |-- fabric-content-registries-v0 8.0.16+b5597344d1
	   |-- fabric-convention-tags-v1 2.0.19+7f945d5bd1
	   |-- fabric-convention-tags-v2 2.5.0+c5e2b5c6d1
	   |-- fabric-crash-report-info-v1 0.2.29+0af3f5a7d1
	   |-- fabric-data-attachment-api-v1 1.1.27+6a6dfa19d1
	   |-- fabric-data-generation-api-v1 20.2.16+16c4ae25d1
	   |-- fabric-dimensions-v1 4.0.0+6fc22b99d1
	   |-- fabric-entity-events-v1 1.6.12+6fc22b99d1
	   |-- fabric-events-interaction-v0 0.7.12+ba9dae06d1
	   |-- fabric-game-rule-api-v1 1.0.53+6ced4dd9d1
	   |-- fabric-item-api-v1 11.0.0+afdfc921d1
	   |-- fabric-item-group-api-v1 4.1.4+78017270d1
	   |-- fabric-key-binding-api-v1 1.0.47+0af3f5a7d1
	   |-- fabric-keybindings-v0 0.2.45+df3654b3d1
	   |-- fabric-lifecycle-events-v1 2.3.12+6c1df360d1
	   |-- fabric-loot-api-v2 3.0.14+3f89f5a5d1
	   |-- fabric-loot-api-v3 1.0.2+3f89f5a5d1
	   |-- fabric-message-api-v1 6.0.13+6573ed8cd1
	   |-- fabric-model-loading-api-v1 2.0.0+fe474d6bd1
	   |-- fabric-networking-api-v1 4.2.2+60c3209bd1
	   |-- fabric-object-builder-api-v1 15.2.0+a551f7a4d1
	   |-- fabric-particles-v1 4.0.2+6573ed8cd1
	   |-- fabric-recipe-api-v1 5.0.12+65089712d1
	   |-- fabric-registry-sync-v0 5.1.2+60c3209bd1
	   |-- fabric-renderer-api-v1 3.4.0+c705a49cd1
	   |-- fabric-renderer-indigo 1.7.0+c705a49cd1
	   |-- fabric-renderer-registries-v1 3.2.68+df3654b3d1
	   |-- fabric-rendering-data-attachment-v1 0.3.48+73761d2ed1
	   |-- fabric-rendering-fluids-v1 3.1.6+b5597344d1
	   |-- fabric-rendering-v0 1.1.71+df3654b3d1
	   |-- fabric-rendering-v1 5.0.5+df16efd0d1
	   |-- fabric-resource-conditions-api-v1 4.3.0+8dc279b1d1
	   |-- fabric-resource-loader-v0 1.3.0+56599129d1
	   |-- fabric-screen-api-v1 2.0.24+b5597344d1
	   |-- fabric-screen-handler-api-v1 1.3.86+b5597344d1
	   |-- fabric-sound-api-v1 1.0.23+6573ed8cd1
	   |-- fabric-transfer-api-v1 5.1.16+3dccd343d1
	   \-- fabric-transitive-access-wideners-v1 6.1.0+176f9036d1
	- fabricloader 0.16.9
	   \-- mixinextras 0.4.1
	- farmers_structures 1.0.0
	- farmersdelight 1.21-2.1.10+refabricated
	   |-- mm 2.3
	   |-- porting_lib_base 3.1.0-beta+fdrf.1+1.21
	   |    |-- com_electronwill_night-config_core 3.8.0
	   |    |-- com_electronwill_night-config_toml 3.8.0
	   |    |-- mm 2.3
	   |    |-- porting_lib_accessors 3.1.0-beta+fdrf.1+1.21
	   |    |-- porting_lib_asm 3.1.0-beta+fdrf.1+1.21
	   |    |-- porting_lib_attributes 3.1.0-beta+fdrf.1+1.21
	   |    |-- porting_lib_blocks 3.1.0-beta+fdrf.1+1.21
	   |    |-- porting_lib_common 3.1.0-beta+fdrf.1+1.21
	   |    |-- porting_lib_core 3.1.0-beta+fdrf.1+1.21
	   |    |-- porting_lib_entity 3.1.0-beta+fdrf.1+1.21
	   |    |-- porting_lib_extensions 3.1.0-beta+fdrf.1+1.21
	   |    |-- porting_lib_fluids 3.1.0-beta+fdrf.1+1.21
	   |    |-- porting_lib_gametest 3.1.0-beta+fdrf.1+1.21
	   |    |-- porting_lib_gui_utils 3.1.0-beta+fdrf.1+1.21
	   |    |-- porting_lib_mixin_extensions 3.1.0-beta+fdrf.1+1.21
	   |    |-- porting_lib_tags 3.0
	   |    \-- porting_lib_transfer 3.1.0-beta+fdrf.1+1.21
	   |-- porting_lib_config 3.1.0-beta+fdrf.1+1.21
	   |    |-- com_electronwill_night-config_core 3.8.0
	   |    |-- com_electronwill_night-config_toml 3.8.0
	   |    |-- porting_lib_core 3.1.0-beta+fdrf.1+1.21
	   |    \-- porting_lib_gametest 3.1.0-beta+fdrf.1+1.21
	   |-- porting_lib_item_abilities 3.1.0-beta+fdrf.1+1.21
	   |    |-- porting_lib_blocks 3.1.0-beta+fdrf.1+1.21
	   |    |-- porting_lib_core 3.1.0-beta+fdrf.1+1.21
	   |    |-- porting_lib_gametest 3.1.0-beta+fdrf.1+1.21
	   |    \-- porting_lib_level_events 3.1.0-beta+fdrf.1+1.21
	   |-- porting_lib_lazy_registration 3.1.0-beta+fdrf.1+1.21
	   |    |-- porting_lib_core 3.1.0-beta+fdrf.1+1.21
	   |    \-- porting_lib_gametest 3.1.0-beta+fdrf.1+1.21
	   |-- porting_lib_loot 3.1.0-beta+fdrf.1+1.21
	   |    |-- porting_lib_conditions 3.1.0-beta+fdrf.1+1.21
	   |    |-- porting_lib_core 3.1.0-beta+fdrf.1+1.21
	   |    \-- porting_lib_gametest 3.1.0-beta+fdrf.1+1.21
	   \-- porting_lib_recipe_book_categories 3.1.0-beta+fdrf.1+1.21
	        |-- porting_lib_core 3.1.0-beta+fdrf.1+1.21
	        \-- porting_lib_gametest 3.1.0-beta+fdrf.1+1.21
	- ferritecore 7.0.0
	- forgeconfigapiport 21.0.8
	   |-- com_electronwill_night-config_core 3.8.0
	   \-- com_electronwill_night-config_toml 3.8.0
	- handcrafted 4.0.1
	- java 21
	- jei 19.21.0.247
	- journeymap 1.21-6.0.0-beta.27
	   |-- ar_com_hjg_pngj 2.1.0
	   |-- commonnetworking 1.0.16-1.21
	   \-- journeymap-api-fabric 2.0.0-1.21-SNAPSHOT
	- merenc 4.1
	- midnightlib 1.6.3
	- minecraft 1.21
	- modernfix 5.19.1+mc1.21
	- moonlight 1.21-2.15.15
	- netherite 1.21-1.1.7
	- oceansdelight fdrf-fabric-1.0.2-1.21
	- onlyhammers 1.21-0.7
	- pineapple_delight 1.0.0
	- puzzleslib 21.0.28
	- repurposed_structures 7.5.4+1.21-fabric
	- repurposed_structures_farmers_delight_compat 7
	- resourcefullib 3.0.11
	   |-- com_teamresourceful_bytecodecs 1.1.2
	   \-- com_teamresourceful_yabn 1.0.3
	- runtimetrims 1.0.6
	   \-- mixinsquared 0.2.0
	- shulkerbox 1.21.1-2.0.5
	- shulkerdropstwo 3.4
	- storagedelight 24.9.11-1.21-fabric
	- supplementaries 1.21-3.0.10-alpha
	- travelersbackpack 10.1.3
	- treeharvester 9.1
	- trimeffects 1.3.5
	- trinkets 3.10.0
	- ubesdelight 0.2.2
	- waystones 21.1.5
	- yungsapi 1.21.1-Fabric-5.1.2
	   |-- org_javassist_javassist 3.29.2-GA
	   \-- org_reflections_reflections 0.10.2
	- yungsbridges 1.21.1-Fabric-5.1.1
	   \-- org_reflections_reflections 0.10.2
	- yungsextras 1.21.1-Fabric-5.1.1
	   \-- org_reflections_reflections 0.10.2
[01:27:49] [main/INFO]: SpongePowered MIXIN Subsystem Version=0.8.7 Source=file:/workspaces/test/servidor_minecraft/libraries/net/fabricmc/sponge-mixin/0.15.4+mixin.0.8.7/sponge-mixin-0.15.4+mixin.0.8.7.jar Service=Knot/Fabric Env=SERVER
[01:27:49] [main/INFO]: Compatibility level set to JAVA_21
[01:27:49] [main/WARN]: Reference map 'easyshulkerboxes.common.refmap.json' for easyshulkerboxes.common.mixins.json could not be read. If this is a development environment you can ignore this message
[01:27:49] [main/WARN]: Reference map 'easyshulkerboxes.fabric.refmap.json' for easyshulkerboxes.fabric.mixins.json could not be read. If this is a development environment you can ignore this message
[01:27:49] [main/WARN]: Reference map 'forgeconfigapiport.common.refmap.json' for forgeconfigapiport.common.mixins.json could not be read. If this is a development environment you can ignore this message
[01:27:49] [main/WARN]: Reference map 'iteminteractions.fabric.refmap.json' for iteminteractions.fabric.mixins.json could not be read. If this is a development environment you can ignore this message
[01:27:49] [main/WARN]: Reference map 'journeymap-refmap.json' for journeymap.mixins.json could not be read. If this is a development environment you can ignore this message
[01:27:49] [main/WARN]: Reference map 'journeymap-refmap.json' for journeymap.fabric.mixins.json could not be read. If this is a development environment you can ignore this message
[01:27:50] [main/INFO]: Loaded configuration file for ModernFix 5.19.1+mc1.21: 54 options available, 0 override(s) found
[01:27:50] [main/INFO]: Applying Nashorn fix
[01:27:50] [main/WARN]: Reference map 'ubesdelight-common-refmap.json' for ubesdelight-common.mixins.json could not be read. If this is a development environment you can ignore this message
[01:27:50] [main/WARN]: Error loading class: net/minecraft/class_881 (java.lang.ClassNotFoundException: net/minecraft/class_881)
[01:27:50] [main/WARN]: @Mixin target net.minecraft.class_881 was not found porting_lib_base.mixins.json:client.BoatRendererMixin from mod porting_lib_base
[01:27:50] [main/WARN]: Error loading class: net/minecraft/class_525 (java.lang.ClassNotFoundException: net/minecraft/class_525)
[01:27:50] [main/WARN]: @Mixin target net.minecraft.class_525 was not found porting_lib_base.mixins.json:client.CreateWorldScreenMixin from mod porting_lib_base
[01:27:50] [main/WARN]: Error loading class: net/minecraft/class_906 (java.lang.ClassNotFoundException: net/minecraft/class_906)
[01:27:50] [main/WARN]: @Mixin target net.minecraft.class_906 was not found porting_lib_item_abilities.mixins.json:FishingHookRendererMixin from mod porting_lib_item_abilities
[01:27:51] [main/WARN]: Error loading class: net/minecraft/class_638 (java.lang.ClassNotFoundException: net/minecraft/class_638)
[01:27:51] [main/WARN]: @Mixin target net.minecraft.class_638 was not found porting_lib_level_events.mixins.json:client.ClientLevelMixin from mod porting_lib_level_events
[01:27:51] [main/WARN]: Error loading class: me/jellysquid/mods/sodium/client/render/chunk/compile/pipeline/FluidRenderer (java.lang.ClassNotFoundException: me/jellysquid/mods/sodium/client/render/chunk/compile/pipeline/FluidRenderer)
[01:27:51] [main/WARN]: Error loading class: net/minecraft/class_314 (java.lang.ClassNotFoundException: net/minecraft/class_314)
[01:27:51] [main/WARN]: @Mixin target net.minecraft.class_314 was not found mixins.mm.json:net.minecraft.class_314 from mod mm
[01:27:51] [main/INFO]: Initializing MixinExtras via com.llamalad7.mixinextras.service.MixinExtrasServiceImpl(version=0.4.1).
[01:28:01] [main/INFO]: Vanilla bootstrap took 8840 milliseconds
[01:28:01] [main/INFO]: Initializing platform helper for Advanced Netherite!
[01:28:01] [main/INFO]: Loaded config amendments-common.json
[01:28:01] [main/INFO]: Registering C2S receiver with id artifacts:double_jump
[01:28:01] [main/INFO]: Registering C2S receiver with id artifacts:update_swimming
[01:28:01] [main/INFO]: Registering C2S receiver with id artifacts:toggle_artifacts
[01:28:01] [main/ERROR]: No data fixer registered for artifacts:mimic
[01:28:01] [main/INFO]: Better Compatibility Checker starting
[01:28:01] [main/INFO]: Loading config file
[01:28:01] [main/INFO]: Config file loaded
[01:28:01] [main/INFO]: Reflections took 71 ms to scan 1 urls, producing 1 keys and 2 values
[01:28:01] [main/INFO]: Reflections took 3 ms to scan 1 urls, producing 1 keys and 2 values
[01:28:02] [main/INFO]: Reflections took 4 ms to scan 1 urls, producing 1 keys and 3 values
[01:28:02] [main/INFO]: Reflections took 4 ms to scan 1 urls, producing 1 keys and 3 values
[01:28:02] [main/INFO]: Reflections took 1 ms to scan 1 urls, producing 1 keys and 2 values
[01:28:02] [main/INFO]: Reflections took 1 ms to scan 1 urls, producing 1 keys and 2 values
[01:28:02] [main/INFO]: Reflections took 1 ms to scan 1 urls, producing 1 keys and 1 values
[01:28:02] [main/INFO]: Reflections took 1 ms to scan 1 urls, producing 1 keys and 1 values
[01:28:02] [main/INFO]: Reflections took 1 ms to scan 1 urls, producing 1 keys and 3 values
[01:28:02] [main/INFO]: Reflections took 1 ms to scan 1 urls, producing 1 keys and 3 values
[01:28:02] [main/INFO]: Reflections took 2 ms to scan 1 urls, producing 1 keys and 2 values
[01:28:02] [main/INFO]: Reflections took 2 ms to scan 1 urls, producing 1 keys and 2 values
[01:28:02] [main/INFO]: Reflections took 1 ms to scan 1 urls, producing 1 keys and 1 values
[01:28:02] [main/INFO]: Reflections took 1 ms to scan 1 urls, producing 1 keys and 1 values
[01:28:02] [main/INFO]: Reflections took 2 ms to scan 1 urls, producing 1 keys and 2 values
[01:28:02] [main/INFO]: Reflections took 2 ms to scan 1 urls, producing 1 keys and 2 values
[01:28:02] [main/INFO]: Reflections took 1 ms to scan 1 urls, producing 1 keys and 1 values
[01:28:02] [main/INFO]: Reflections took 1 ms to scan 1 urls, producing 1 keys and 1 values
[01:28:02] [main/INFO]: Loading Collective version 7.87.
[01:28:02] [main/INFO]: Loaded config for: cupboard.json
[01:28:02] [main/INFO]: Constructing common components for easyanvils:main
[01:28:02] [main/INFO]: Dispatching loading event for config easyanvils-common.toml
[01:28:02] [main/INFO]: Constructing common components for easymagic:main
[01:28:02] [main/INFO]: Dispatching loading event for config easymagic-common.toml
[01:28:02] [main/INFO]: Constructing common components for easyshulkerboxes:main
[01:28:02] [main/INFO]: ExpandAbility here, who dis?
[01:28:03] [main/ERROR]: No data fixer registered for rotten_tomato
[01:28:03] [main/ERROR]: No data fixer registered for handcrafted
[01:28:03] [main/INFO]: Constructing common components for iteminteractions:main
[01:28:03] [main/INFO]: Initializing ServerSide Packet Registries
[01:28:03] [main/INFO]: Definitely not up to no good
[01:28:03] [main/INFO]: Registering Items for oceansdelight
[01:28:03] [main/INFO]: Registering Blocks for oceansdelight
[01:28:03] [main/INFO]: Registering tabs for oceansdelight
[01:28:03] [main/INFO]: [STDOUT]: All 10 have been set properly
[01:28:03] [main/INFO]: Constructing common components for puzzleslib:main
[01:28:03] [main/INFO]: Loaded config supplementaries-common.json
[01:28:04] [main/ERROR]: No data fixer registered for 
[01:28:04] [main/INFO]: Registered the FluidEffect with Unique ID of minecraft:water for minecraft:water 81000 with the ID 0
[01:28:04] [main/INFO]: Registered the FluidEffect with Unique ID of minecraft:lava for minecraft:lava 81000 with the ID 1
[01:28:04] [main/INFO]: Registered the FluidEffect with Unique ID of travelersbackpack:potion for travelersbackpack:potion_still 27000 with the ID 2
[01:28:04] [main/INFO]: Registered the FluidEffect with Unique ID of travelersbackpack:milk for travelersbackpack:milk_still 81000 with the ID 3
[01:28:04] [main/INFO]: Reflections took 3 ms to scan 1 urls, producing 1 keys and 3 values
[01:28:04] [main/INFO]: Reflections took 3 ms to scan 1 urls, producing 1 keys and 3 values
[01:28:04] [main/INFO]: Reflections took 1 ms to scan 1 urls, producing 1 keys and 2 values
[01:28:04] [main/INFO]: Reflections took 1 ms to scan 1 urls, producing 1 keys and 2 values
[01:28:04] [main/INFO]: Reflections took 1 ms to scan 1 urls, producing 1 keys and 2 values
[01:28:04] [main/INFO]: Reflections took 1 ms to scan 1 urls, producing 1 keys and 2 values
[01:28:05] [main/INFO]: Initialized block sets in 58ms
[01:28:05] [main/ERROR]: No data fixer registered for falling_lantern
[01:28:05] [main/ERROR]: No data fixer registered for dispenser_minecart
[01:28:05] [main/ERROR]: No data fixer registered for falling_urn
[01:28:05] [main/ERROR]: No data fixer registered for falling_ash
[01:28:05] [main/ERROR]: No data fixer registered for falling_sack
[01:28:05] [main/ERROR]: No data fixer registered for brick_projectile
[01:28:05] [main/ERROR]: No data fixer registered for slimeball_projectile
[01:28:05] [main/ERROR]: No data fixer registered for bomb
[01:28:05] [main/ERROR]: No data fixer registered for cannonball
[01:28:05] [main/ERROR]: No data fixer registered for rope_arrow
[01:28:05] [main/ERROR]: No data fixer registered for slingshot_projectile
[01:28:05] [main/INFO]: Initialized color sets in 43ms
[01:28:05] [main/INFO]: Finished mod setup in: [0, 1, 0, 0, 0, 26, 4, 1] ms
[01:28:06] [main/INFO]: Environment: Environment[sessionHost=https://sessionserver.mojang.com, servicesHost=https://api.minecraftservices.com, name=PROD]
[01:28:06] [main/INFO]: Generated runtime SERVER_DATA for pack supplementaries:generated_pack (Supplementaries) in: 38 ms
[01:28:07] [main/INFO]: Added 0 new trim materials!
[01:28:07] [Worker-Main-1/ERROR]: Couldn't parse element minecraft:loot_table/supplementaries:blocks/urn_loot/urn_loot - No key value in MapLike[{"type":"minecraft:loot_table","weight":1,"quality":5,"name":"supplementaries:blocks/urn_loot/epic"}]; No key value in MapLike[{"type":"minecraft:loot_table","weight":7,"quality":2,"name":"supplementaries:blocks/urn_loot/rare"}]; No key value in MapLike[{"type":"minecraft:loot_table","weight":32,"quality":-2,"name":"supplementaries:blocks/urn_loot/uncommon"}]; No key value in MapLike[{"type":"minecraft:loot_table","weight":60,"quality":-5,"name":"supplementaries:blocks/urn_loot/common"}]
[01:28:07] [Worker-Main-1/ERROR]: Couldn't parse element minecraft:loot_table/supplementaries:inject/end_city_stasis - Failed to parse either. First: No key components in MapLike[{"function":"set_components","tag":"{StoredEnchantments:[{lvl:1s,id:\"supplementaries:stasis\"}]}"}]; Second: Not a json array: {"function":"set_components","tag":"{StoredEnchantments:[{lvl:1s,id:\"supplementaries:stasis\"}]}"}
[01:28:07] [Worker-Main-1/ERROR]: Couldn't parse element minecraft:loot_table/supplementaries:inject/test - Failed to get element ResourceKey[moonlight:map_marker / supplementaries:igloo]
[01:28:08] [Worker-Main-1/ERROR]: Couldn't parse element minecraft:loot_table/supplementaries:inject/temple_spikes - Failed to parse either. First: Unknown registry key in ResourceKey[minecraft:root / minecraft:loot_function_type]: supplementaries:set_charges; Second: Not a json array: {"function":"supplementaries:set_charges","damage":{"min":0.2,"max":0.9}}; Failed to parse either. First: Not a JSON object: [{"type":"minecraft:potion_content","potion":"minecraft:poison"}]; Second: Not a json array: {"function":"set_components","components":[{"type":"minecraft:potion_content","potion":"minecraft:poison"}]}
[01:28:08] [Worker-Main-1/ERROR]: Couldn't parse element minecraft:loot_table/supplementaries:blocks/urn_loot/epic - Failed to parse either. First: Unknown registry key in ResourceKey[minecraft:root / minecraft:loot_function_type]: supplementaries:random_enchantment; Second: Not a json array: {"function":"supplementaries:random_enchantment","enchantments":"#minecraft:curse"}; Failed to parse either. First: Unknown registry key in ResourceKey[minecraft:root / minecraft:loot_function_type]: supplementaries:random_enchantment; Second: Not a json array: {"function":"supplementaries:random_enchantment","enchantments":"#minecraft:curse"}
[01:28:08] [Worker-Main-1/ERROR]: Couldn't parse element minecraft:loot_table/supplementaries:blocks/urn_loot/rare - Failed to parse either. First: Unknown registry key in ResourceKey[minecraft:root / minecraft:loot_function_type]: supplementaries:random_enchantment; Second: Not a json array: {"function":"supplementaries:random_enchantment","enchantments":"#minecraft:curse"}; Failed to parse either. First: No key enchantments in MapLike[{"function":"supplementaries:curse_loot"}]; No key chance in MapLike[{"function":"supplementaries:curse_loot"}]; Second: Not a json array: {"function":"supplementaries:curse_loot"}
[01:28:08] [Worker-Main-1/WARN]: Found loot table element validation problem in {minecraft:loot_table/supplementaries:blocks/urn}.pools[1].entries[0]: Unknown loot table called supplementaries:blocks/urn_loot/urn_loot
[01:28:08] [ForkJoinPool.commonPool-worker-1/ERROR]: Invalid path in mod resource-pack enchantment_lore: enchantment_lore:lang/no_no‌.json, ignoring
[01:28:09] [main/ERROR]: Parsing error loading recipe supplementaries:integration/ash_bricks_fd
com.google.gson.JsonParseException: Not a JSON object: "supplementaries:ash_brick"; Failed to parse either. First: Input does not contain a key [fabric:type]: MapLike[{"type":"farmersdelight:tool_action","action":"pickaxe_dig"}]; Second: Failed to parse either. First: Not a json array: {"type":"farmersdelight:tool_action","action":"pickaxe_dig"}; Second: No key tag in MapLike[{"type":"farmersdelight:tool_action","action":"pickaxe_dig"}]; No key item in MapLike[{"type":"farmersdelight:tool_action","action":"pickaxe_dig"}]
	at knot/com.mojang.serialization.DataResult$Error.getOrThrow(DataResult.java:287) ~[datafixerupper-8.0.16.jar:?]
	at knot/net.minecraft.class_1863.method_20705(class_1863.java:62) ~[server-intermediary.jar:?]
	at knot/net.minecraft.class_1863.method_18788(class_1863.java:35) ~[server-intermediary.jar:?]
	at knot/net.minecraft.class_4080.method_18790(class_4080.java:13) ~[server-intermediary.jar:?]
	at java.base/java.util.concurrent.CompletableFuture$UniAccept.tryFire(CompletableFuture.java:718) ~[?:?]
	at java.base/java.util.concurrent.CompletableFuture$Completion.run(CompletableFuture.java:482) ~[?:?]
	at knot/net.minecraft.class_4014.method_18365(class_4014.java:69) ~[server-intermediary.jar:?]
	at knot/net.minecraft.class_156.method_43498(class_156.java:1024) [server-intermediary.jar:?]
	at knot/net.minecraft.class_156.method_43499(class_156.java:1012) [server-intermediary.jar:?]
	at knot/net.minecraft.server.Main.main(Main.java:182) [server-intermediary.jar:?]
	at net.fabricmc.loader.impl.game.minecraft.MinecraftGameProvider.launch(MinecraftGameProvider.java:480) [fabric-loader-0.16.9.jar:?]
	at net.fabricmc.loader.impl.launch.knot.Knot.launch(Knot.java:74) [fabric-loader-0.16.9.jar:?]
	at net.fabricmc.loader.impl.launch.knot.KnotServer.main(KnotServer.java:23) [fabric-loader-0.16.9.jar:?]
	at net.fabricmc.loader.impl.launch.server.FabricServerLauncher.main(FabricServerLauncher.java:69) [fabric-loader-0.16.9.jar:?]
	at net.fabricmc.installer.ServerLauncher.main(ServerLauncher.java:69) [fabric-server-launch.jar:1.0.1]
[01:28:09] [main/ERROR]: Parsing error loading recipe supplementaries:integration/lapis_bricks_fd
com.google.gson.JsonParseException: Not a JSON object: "minecraft:lapis_lazuli"; Failed to parse either. First: Input does not contain a key [fabric:type]: MapLike[{"type":"farmersdelight:item_ability","action":"pickaxe_dig"}]; Second: Failed to parse either. First: Not a json array: {"type":"farmersdelight:item_ability","action":"pickaxe_dig"}; Second: No key tag in MapLike[{"type":"farmersdelight:item_ability","action":"pickaxe_dig"}]; No key item in MapLike[{"type":"farmersdelight:item_ability","action":"pickaxe_dig"}]
	at knot/com.mojang.serialization.DataResult$Error.getOrThrow(DataResult.java:287) ~[datafixerupper-8.0.16.jar:?]
	at knot/net.minecraft.class_1863.method_20705(class_1863.java:62) ~[server-intermediary.jar:?]
	at knot/net.minecraft.class_1863.method_18788(class_1863.java:35) ~[server-intermediary.jar:?]
	at knot/net.minecraft.class_4080.method_18790(class_4080.java:13) ~[server-intermediary.jar:?]
	at java.base/java.util.concurrent.CompletableFuture$UniAccept.tryFire(CompletableFuture.java:718) ~[?:?]
	at java.base/java.util.concurrent.CompletableFuture$Completion.run(CompletableFuture.java:482) ~[?:?]
	at knot/net.minecraft.class_4014.method_18365(class_4014.java:69) ~[server-intermediary.jar:?]
	at knot/net.minecraft.class_156.method_43498(class_156.java:1024) [server-intermediary.jar:?]
	at knot/net.minecraft.class_156.method_43499(class_156.java:1012) [server-intermediary.jar:?]
	at knot/net.minecraft.server.Main.main(Main.java:182) [server-intermediary.jar:?]
	at net.fabricmc.loader.impl.game.minecraft.MinecraftGameProvider.launch(MinecraftGameProvider.java:480) [fabric-loader-0.16.9.jar:?]
	at net.fabricmc.loader.impl.launch.knot.Knot.launch(Knot.java:74) [fabric-loader-0.16.9.jar:?]
	at net.fabricmc.loader.impl.launch.knot.KnotServer.main(KnotServer.java:23) [fabric-loader-0.16.9.jar:?]
	at net.fabricmc.loader.impl.launch.server.FabricServerLauncher.main(FabricServerLauncher.java:69) [fabric-loader-0.16.9.jar:?]
	at net.fabricmc.installer.ServerLauncher.main(ServerLauncher.java:69) [fabric-server-launch.jar:1.0.1]
[01:28:09] [main/INFO]: Loaded 2688 recipes
[01:28:09] [main/INFO]: Loaded 2432 advancements
[01:28:09] [main/ERROR]: Failed to parse resource conditions for file of type loot_modifiers with id supplementaries:fishing_antique_ink_treasure, skipping: Unknown resource condition key: minecraft:random_chance; Unknown resource condition key: moonlight:iconditions; Unknown resource condition key: neoforge:loot_table_id
[01:28:09] [main/ERROR]: Failed to parse resource conditions for file of type loot_modifiers with id supplementaries:fishing_antique_ink, skipping: Unknown resource condition key: minecraft:random_chance; Unknown resource condition key: moonlight:iconditions; Unknown resource condition key: neoforge:loot_table_id
[01:28:09] [main/ERROR]: Failed to parse resource conditions for file of type loot_modifiers with id supplementaries:ash_from_burning_mobs, skipping: Unknown resource condition key: minecraft:entity_properties; Unknown resource condition key: minecraft:inverted; Unknown resource condition key: minecraft:random_chance; Unknown resource condition key: minecraft:damage_source_properties; Unknown resource condition key: moonlight:iconditions
[01:28:09] [main/ERROR]: Failed to parse resource conditions for file of type loot_modifiers with id supplementaries:replace_rope, skipping: Unknown resource condition key: moonlight:iconditions
[01:28:09] [main/WARN]: Could not decode GlobalLootModifier with json id artifacts:inject/archaeology/ocean_ruin_cold - error: Unknown registry key in ResourceKey[minecraft:root / porting_lib:global_loot_modifier_serializers]: artifacts:roll_loot_table
[01:28:09] [main/WARN]: Could not decode GlobalLootModifier with json id artifacts:inject/chests/village/village_snowy_house - error: Unknown registry key in ResourceKey[minecraft:root / porting_lib:global_loot_modifier_serializers]: artifacts:roll_loot_table
[01:28:09] [main/WARN]: Could not decode GlobalLootModifier with json id artifacts:inject/chests/village/village_toolsmith - error: Unknown registry key in ResourceKey[minecraft:root / porting_lib:global_loot_modifier_serializers]: artifacts:roll_loot_table
[01:28:09] [main/WARN]: Could not decode GlobalLootModifier with json id supplementaries:fishing_antique_ink_treasure - error: Unknown resource condition key: minecraft:random_chance; Unknown resource condition key: moonlight:iconditions; Unknown resource condition key: neoforge:loot_table_id; Unknown registry key in ResourceKey[minecraft:root / porting_lib:global_loot_modifier_serializers]: moonlight:add_item
[01:28:09] [main/WARN]: Could not decode GlobalLootModifier with json id artifacts:inject/chests/pillager_outpost - error: Unknown registry key in ResourceKey[minecraft:root / porting_lib:global_loot_modifier_serializers]: artifacts:roll_loot_table
[01:28:09] [main/WARN]: Could not decode GlobalLootModifier with json id artifacts:inject/chests/village/village_tannery - error: Unknown registry key in ResourceKey[minecraft:root / porting_lib:global_loot_modifier_serializers]: artifacts:roll_loot_table
[01:28:09] [main/WARN]: Could not decode GlobalLootModifier with json id artifacts:inject/chests/ancient_city_ice_box - error: Unknown registry key in ResourceKey[minecraft:root / porting_lib:global_loot_modifier_serializers]: artifacts:roll_loot_table
[01:28:09] [main/WARN]: Could not decode GlobalLootModifier with json id artifacts:inject/chests/bastion_hoglin_stable - error: Unknown registry key in ResourceKey[minecraft:root / porting_lib:global_loot_modifier_serializers]: artifacts:roll_loot_table
[01:28:09] [main/WARN]: Could not decode GlobalLootModifier with json id artifacts:inject/entities/cow - error: Unknown registry key in ResourceKey[minecraft:root / porting_lib:global_loot_modifier_serializers]: artifacts:roll_loot_table
[01:28:09] [main/WARN]: Could not decode GlobalLootModifier with json id artifacts:inject/chests/ancient_city - error: Unknown registry key in ResourceKey[minecraft:root / porting_lib:global_loot_modifier_serializers]: artifacts:roll_loot_table
[01:28:09] [main/WARN]: Could not decode GlobalLootModifier with json id artifacts:inject/chests/village/village_plains_house - error: Unknown registry key in ResourceKey[minecraft:root / porting_lib:global_loot_modifier_serializers]: artifacts:roll_loot_table
[01:28:09] [main/WARN]: Could not decode GlobalLootModifier with json id artifacts:inject/chests/ruined_portal - error: Unknown registry key in ResourceKey[minecraft:root / porting_lib:global_loot_modifier_serializers]: artifacts:roll_loot_table
[01:28:09] [main/WARN]: Could not decode GlobalLootModifier with json id artifacts:inject/chests/underwater_ruin_big - error: Unknown registry key in ResourceKey[minecraft:root / porting_lib:global_loot_modifier_serializers]: artifacts:roll_loot_table
[01:28:09] [main/WARN]: Could not decode GlobalLootModifier with json id artifacts:inject/chests/village/village_weaponsmith - error: Unknown registry key in ResourceKey[minecraft:root / porting_lib:global_loot_modifier_serializers]: artifacts:roll_loot_table
[01:28:09] [main/WARN]: Could not decode GlobalLootModifier with json id artifacts:inject/chests/igloo_chest - error: Unknown registry key in ResourceKey[minecraft:root / porting_lib:global_loot_modifier_serializers]: artifacts:roll_loot_table
[01:28:09] [main/WARN]: Could not decode GlobalLootModifier with json id artifacts:inject/chests/bastion_treasure - error: Unknown registry key in ResourceKey[minecraft:root / porting_lib:global_loot_modifier_serializers]: artifacts:roll_loot_table
[01:28:09] [main/WARN]: Could not decode GlobalLootModifier with json id supplementaries:straw_from_flax - error: Unknown registry key in ResourceKey[minecraft:root / porting_lib:global_loot_modifier_serializers]: moonlight:add_item
[01:28:09] [main/WARN]: Could not decode GlobalLootModifier with json id artifacts:inject/archaeology/desert_pyramid - error: Unknown registry key in ResourceKey[minecraft:root / porting_lib:global_loot_modifier_serializers]: artifacts:roll_loot_table
[01:28:09] [main/WARN]: Could not decode GlobalLootModifier with json id supplementaries:fishing_antique_ink - error: Unknown resource condition key: minecraft:random_chance; Unknown resource condition key: moonlight:iconditions; Unknown resource condition key: neoforge:loot_table_id; Unknown registry key in ResourceKey[minecraft:root / porting_lib:global_loot_modifier_serializers]: moonlight:add_item
[01:28:09] [main/WARN]: Could not decode GlobalLootModifier with json id artifacts:inject/chests/village/village_temple - error: Unknown registry key in ResourceKey[minecraft:root / porting_lib:global_loot_modifier_serializers]: artifacts:roll_loot_table
[01:28:09] [main/WARN]: Could not decode GlobalLootModifier with json id artifacts:inject/chests/village/village_desert_house - error: Unknown registry key in ResourceKey[minecraft:root / porting_lib:global_loot_modifier_serializers]: artifacts:roll_loot_table
[01:28:09] [main/WARN]: Could not decode GlobalLootModifier with json id supplementaries:ash_from_burning_mobs - error: Unknown resource condition key: minecraft:entity_properties; Unknown resource condition key: minecraft:inverted; Unknown resource condition key: minecraft:random_chance; Unknown resource condition key: minecraft:damage_source_properties; Unknown resource condition key: moonlight:iconditions; Unknown registry key in ResourceKey[minecraft:root / porting_lib:global_loot_modifier_serializers]: moonlight:add_item
[01:28:09] [main/WARN]: Could not decode GlobalLootModifier with json id artifacts:inject/chests/woodland_mansion - error: Unknown registry key in ResourceKey[minecraft:root / porting_lib:global_loot_modifier_serializers]: artifacts:roll_loot_table
[01:28:09] [main/WARN]: Could not decode GlobalLootModifier with json id artifacts:inject/chests/buried_treasure - error: Unknown registry key in ResourceKey[minecraft:root / porting_lib:global_loot_modifier_serializers]: artifacts:roll_loot_table
[01:28:09] [main/WARN]: Could not decode GlobalLootModifier with json id artifacts:inject/chests/spawn_bonus_chest - error: Unknown registry key in ResourceKey[minecraft:root / porting_lib:global_loot_modifier_serializers]: artifacts:roll_loot_table
[01:28:09] [main/WARN]: Could not decode GlobalLootModifier with json id artifacts:inject/chests/desert_pyramid - error: Unknown registry key in ResourceKey[minecraft:root / porting_lib:global_loot_modifier_serializers]: artifacts:roll_loot_table
[01:28:09] [main/WARN]: Could not decode GlobalLootModifier with json id artifacts:inject/chests/end_city_treasure - error: Unknown registry key in ResourceKey[minecraft:root / porting_lib:global_loot_modifier_serializers]: artifacts:roll_loot_table
[01:28:09] [main/WARN]: Could not decode GlobalLootModifier with json id artifacts:inject/chests/village/village_taiga_house - error: Unknown registry key in ResourceKey[minecraft:root / porting_lib:global_loot_modifier_serializers]: artifacts:roll_loot_table
[01:28:09] [main/WARN]: Could not decode GlobalLootModifier with json id artifacts:inject/chests/nether_bridge - error: Unknown registry key in ResourceKey[minecraft:root / porting_lib:global_loot_modifier_serializers]: artifacts:roll_loot_table
[01:28:09] [main/WARN]: Could not decode GlobalLootModifier with json id artifacts:inject/archaeology/desert_well - error: Unknown registry key in ResourceKey[minecraft:root / porting_lib:global_loot_modifier_serializers]: artifacts:roll_loot_table
[01:28:09] [main/WARN]: Could not decode GlobalLootModifier with json id artifacts:inject/chests/shipwreck_treasure - error: Unknown registry key in ResourceKey[minecraft:root / porting_lib:global_loot_modifier_serializers]: artifacts:roll_loot_table
[01:28:09] [main/WARN]: Could not decode GlobalLootModifier with json id artifacts:inject/chests/jungle_temple - error: Unknown registry key in ResourceKey[minecraft:root / porting_lib:global_loot_modifier_serializers]: artifacts:roll_loot_table
[01:28:09] [main/WARN]: Could not decode GlobalLootModifier with json id artifacts:inject/chests/stronghold_corridor - error: Unknown registry key in ResourceKey[minecraft:root / porting_lib:global_loot_modifier_serializers]: artifacts:roll_loot_table
[01:28:09] [main/WARN]: Could not decode GlobalLootModifier with json id artifacts:inject/chests/abandoned_mineshaft - error: Unknown registry key in ResourceKey[minecraft:root / porting_lib:global_loot_modifier_serializers]: artifacts:roll_loot_table
[01:28:09] [main/WARN]: Could not decode GlobalLootModifier with json id artifacts:inject/chests/village/village_butcher - error: Unknown registry key in ResourceKey[minecraft:root / porting_lib:global_loot_modifier_serializers]: artifacts:roll_loot_table
[01:28:09] [main/WARN]: Could not decode GlobalLootModifier with json id artifacts:inject/chests/village/village_savanna_house - error: Unknown registry key in ResourceKey[minecraft:root / porting_lib:global_loot_modifier_serializers]: artifacts:roll_loot_table
[01:28:09] [main/WARN]: Could not decode GlobalLootModifier with json id artifacts:inject/archaeology/ocean_ruin_warm - error: Unknown registry key in ResourceKey[minecraft:root / porting_lib:global_loot_modifier_serializers]: artifacts:roll_loot_table
[01:28:09] [main/WARN]: Could not decode GlobalLootModifier with json id artifacts:inject/chests/village/village_armorer - error: Unknown registry key in ResourceKey[minecraft:root / porting_lib:global_loot_modifier_serializers]: artifacts:roll_loot_table
[01:28:09] [main/WARN]: Could not decode GlobalLootModifier with json id artifacts:inject/archaeology/trail_ruins_rare - error: Unknown registry key in ResourceKey[minecraft:root / porting_lib:global_loot_modifier_serializers]: artifacts:roll_loot_table
[01:28:09] [main/WARN]: Could not decode GlobalLootModifier with json id supplementaries:replace_rope - error: Unknown resource condition key: moonlight:iconditions; Unknown registry key in ResourceKey[minecraft:root / porting_lib:global_loot_modifier_serializers]: supplementaries:replace_rope
[01:28:09] [main/WARN]: Could not decode GlobalLootModifier with json id artifacts:inject/entities/mooshroom - error: Unknown registry key in ResourceKey[minecraft:root / porting_lib:global_loot_modifier_serializers]: artifacts:roll_loot_table
[01:28:09] [main/WARN]: Could not decode GlobalLootModifier with json id artifacts:inject/chests/simple_dungeon - error: Unknown registry key in ResourceKey[minecraft:root / porting_lib:global_loot_modifier_serializers]: artifacts:roll_loot_table
[01:28:09] [ForkJoinPool.commonPool-worker-1/INFO]: Loaded 118 translation keys
[01:28:09] [main/INFO]: Loaded 27 flute songs
[01:28:09] [main/WARN]: Not all defined tags for registry ResourceKey[minecraft:root / minecraft:item] are present in data pack: c:ingots/lead, c:storage_blocks/lead
[01:28:09] [main/INFO]: Registering custom dispenser behaviors
[01:28:09] [main/INFO]: Applied 655 biome modifications to 63 of 64 new biomes in 32.34 ms
[01:28:09] [Server thread/INFO]: Dispatching loading event for config easyanvils-server.toml
[01:28:09] [Server thread/INFO]: Dispatching loading event for config easymagic-server.toml
[01:28:09] [Server thread/INFO]: Dispatching loading event for config iteminteractions-server.toml
[01:28:10] [Server thread/INFO]: Starting minecraft server version 1.21
[01:28:10] [Server thread/INFO]: Loading properties
[01:28:10] [Server thread/INFO]: Default game type: SURVIVAL
[01:28:10] [Server thread/INFO]: Generating keypair
[01:28:10] [Server thread/INFO]: Starting Minecraft server on *:25565
[01:28:10] [Server thread/INFO]: Using epoll channel type
[01:28:10] [Server thread/INFO]: Preparing level "world"
[01:28:10] [Server thread/INFO]: Preparing start region for dimension minecraft:overworld
[01:28:11] [Worker-Main-1/INFO]: Preparing spawn area: 0%
[01:28:11] [Worker-Main-1/INFO]: Preparing spawn area: 0%
[01:28:11] [Server thread/INFO]: Time elapsed: 643 ms
[01:28:11] [Server thread/INFO]: Done (1.007s)! For help, type "help"
[01:28:11] [Server thread/WARN]: Dedicated server took 27.242 seconds to load
[01:28:11] [Server thread/INFO]: Loaded null for service interface journeymap.api.services.WebMapService
[01:28:11] [Server thread/INFO]: Loaded journeymap.common.helpers.FabricClientHooks@37e8fc8a for service interface journeymap.api.services.ClientPlatformService
[01:28:11] [Server thread/INFO]: Loaded journeymap.common.helpers.FabricHooks@1a3de521 for service interface journeymap.api.services.CommonPlatformService
[01:33:37] [User Authenticator #1/INFO]: UUID of player Coffeent is f5eb4f96-ef50-4c4d-aa92-105987e601c0
[01:33:44] [Server thread/INFO]: Coffeent[/127.140.193.192:60837] logged in with entity id 13 at (-718.6682462478188, 72.0, -954.3000000119209)
[01:33:44] [Server thread/INFO]: Loading config from file...
[01:33:44] [Server thread/INFO]: Coffeent joined the game
[01:35:23] [Server thread/INFO]: Coffeent lost connection: Disconnected
[01:35:23] [Server thread/INFO]: Coffeent left the game
[02:02:20] [Netty Epoll Server IO #5/ERROR]: Exception occurred in netty pipeline
io.netty.handler.codec.DecoderException: Received unknown packet id 3
	at knot/net.minecraft.class_9136.method_56425(class_9136.java:32) ~[server-intermediary.jar:?]
	at knot/net.minecraft.class_9136.decode(class_9136.java:14) ~[server-intermediary.jar:?]
	at knot/net.minecraft.class_2543.decode(class_2543.java:31) ~[server-intermediary.jar:?]
	at knot/io.netty.handler.codec.ByteToMessageDecoder.decodeRemovalReentryProtection(ByteToMessageDecoder.java:529) ~[netty-codec-4.1.97.Final.jar:?]
	at knot/io.netty.handler.codec.ByteToMessageDecoder.callDecode(ByteToMessageDecoder.java:468) ~[netty-codec-4.1.97.Final.jar:?]
	at knot/io.netty.handler.codec.ByteToMessageDecoder.channelRead(ByteToMessageDecoder.java:290) ~[netty-codec-4.1.97.Final.jar:?]
	at knot/io.netty.channel.AbstractChannelHandlerContext.invokeChannelRead(AbstractChannelHandlerContext.java:444) ~[netty-transport-4.1.97.Final.jar:?]
	at knot/io.netty.channel.AbstractChannelHandlerContext.invokeChannelRead(AbstractChannelHandlerContext.java:420) ~[netty-transport-4.1.97.Final.jar:?]
	at knot/io.netty.channel.AbstractChannelHandlerContext.fireChannelRead(AbstractChannelHandlerContext.java:412) ~[netty-transport-4.1.97.Final.jar:?]
	at knot/io.netty.handler.flow.FlowControlHandler.dequeue(FlowControlHandler.java:202) ~[netty-handler-4.1.97.Final.jar:?]
	at knot/io.netty.handler.flow.FlowControlHandler.channelRead(FlowControlHandler.java:164) ~[netty-handler-4.1.97.Final.jar:?]
	at knot/io.netty.channel.AbstractChannelHandlerContext.invokeChannelRead(AbstractChannelHandlerContext.java:442) ~[netty-transport-4.1.97.Final.jar:?]
	at knot/io.netty.channel.AbstractChannelHandlerContext.invokeChannelRead(AbstractChannelHandlerContext.java:420) ~[netty-transport-4.1.97.Final.jar:?]
	at knot/io.netty.channel.AbstractChannelHandlerContext.fireChannelRead(AbstractChannelHandlerContext.java:412) ~[netty-transport-4.1.97.Final.jar:?]
	at knot/io.netty.handler.codec.ByteToMessageDecoder.fireChannelRead(ByteToMessageDecoder.java:346) ~[netty-codec-4.1.97.Final.jar:?]
	at knot/io.netty.handler.codec.ByteToMessageDecoder.fireChannelRead(ByteToMessageDecoder.java:333) ~[netty-codec-4.1.97.Final.jar:?]
	at knot/io.netty.handler.codec.ByteToMessageDecoder.callDecode(ByteToMessageDecoder.java:454) ~[netty-codec-4.1.97.Final.jar:?]
	at knot/io.netty.handler.codec.ByteToMessageDecoder.channelRead(ByteToMessageDecoder.java:290) ~[netty-codec-4.1.97.Final.jar:?]
	at knot/io.netty.channel.AbstractChannelHandlerContext.invokeChannelRead(AbstractChannelHandlerContext.java:444) ~[netty-transport-4.1.97.Final.jar:?]
	at knot/io.netty.channel.AbstractChannelHandlerContext.invokeChannelRead(AbstractChannelHandlerContext.java:420) ~[netty-transport-4.1.97.Final.jar:?]
	at knot/io.netty.channel.AbstractChannelHandlerContext.fireChannelRead(AbstractChannelHandlerContext.java:412) ~[netty-transport-4.1.97.Final.jar:?]
	at knot/net.minecraft.class_3238.channelRead(class_3238.java:74) ~[server-intermediary.jar:?]
	at knot/io.netty.channel.AbstractChannelHandlerContext.invokeChannelRead(AbstractChannelHandlerContext.java:444) ~[netty-transport-4.1.97.Final.jar:?]
	at knot/io.netty.channel.AbstractChannelHandlerContext.invokeChannelRead(AbstractChannelHandlerContext.java:420) ~[netty-transport-4.1.97.Final.jar:?]
	at knot/io.netty.channel.AbstractChannelHandlerContext.fireChannelRead(AbstractChannelHandlerContext.java:412) ~[netty-transport-4.1.97.Final.jar:?]
	at knot/io.netty.handler.timeout.IdleStateHandler.channelRead(IdleStateHandler.java:286) ~[netty-handler-4.1.97.Final.jar:?]
	at knot/io.netty.channel.AbstractChannelHandlerContext.invokeChannelRead(AbstractChannelHandlerContext.java:442) ~[netty-transport-4.1.97.Final.jar:?]
	at knot/io.netty.channel.AbstractChannelHandlerContext.invokeChannelRead(AbstractChannelHandlerContext.java:420) ~[netty-transport-4.1.97.Final.jar:?]
	at knot/io.netty.channel.AbstractChannelHandlerContext.fireChannelRead(AbstractChannelHandlerContext.java:412) ~[netty-transport-4.1.97.Final.jar:?]
	at knot/io.netty.channel.DefaultChannelPipeline$HeadContext.channelRead(DefaultChannelPipeline.java:1410) ~[netty-transport-4.1.97.Final.jar:?]
	at knot/io.netty.channel.AbstractChannelHandlerContext.invokeChannelRead(AbstractChannelHandlerContext.java:440) ~[netty-transport-4.1.97.Final.jar:?]
	at knot/io.netty.channel.AbstractChannelHandlerContext.invokeChannelRead(AbstractChannelHandlerContext.java:420) ~[netty-transport-4.1.97.Final.jar:?]
	at knot/io.netty.channel.DefaultChannelPipeline.fireChannelRead(DefaultChannelPipeline.java:919) ~[netty-transport-4.1.97.Final.jar:?]
	at knot/io.netty.channel.epoll.AbstractEpollStreamChannel$EpollStreamUnsafe.epollInReady(AbstractEpollStreamChannel.java:800) ~[netty-transport-classes-epoll-4.1.97.Final.jar:?]
	at knot/io.netty.channel.epoll.EpollEventLoop.processReady(EpollEventLoop.java:509) ~[netty-transport-classes-epoll-4.1.97.Final.jar:?]
	at knot/io.netty.channel.epoll.EpollEventLoop.run(EpollEventLoop.java:407) ~[netty-transport-classes-epoll-4.1.97.Final.jar:?]
	at knot/io.netty.util.concurrent.SingleThreadEventExecutor$4.run(SingleThreadEventExecutor.java:997) ~[netty-common-4.1.97.Final.jar:?]
	at knot/io.netty.util.internal.ThreadExecutorMap$2.run(ThreadExecutorMap.java:74) ~[netty-common-4.1.97.Final.jar:?]
	at java.base/java.lang.Thread.run(Thread.java:1583) [?:?]
[02:02:22] [Netty Epoll Server IO #6/ERROR]: Exception occurred in netty pipeline
io.netty.handler.codec.DecoderException: Received unknown packet id 3
	at knot/net.minecraft.class_9136.method_56425(class_9136.java:32) ~[server-intermediary.jar:?]
	at knot/net.minecraft.class_9136.decode(class_9136.java:14) ~[server-intermediary.jar:?]
	at knot/net.minecraft.class_2543.decode(class_2543.java:31) ~[server-intermediary.jar:?]
	at knot/io.netty.handler.codec.ByteToMessageDecoder.decodeRemovalReentryProtection(ByteToMessageDecoder.java:529) ~[netty-codec-4.1.97.Final.jar:?]
	at knot/io.netty.handler.codec.ByteToMessageDecoder.callDecode(ByteToMessageDecoder.java:468) ~[netty-codec-4.1.97.Final.jar:?]
	at knot/io.netty.handler.codec.ByteToMessageDecoder.channelRead(ByteToMessageDecoder.java:290) ~[netty-codec-4.1.97.Final.jar:?]
	at knot/io.netty.channel.AbstractChannelHandlerContext.invokeChannelRead(AbstractChannelHandlerContext.java:444) ~[netty-transport-4.1.97.Final.jar:?]
	at knot/io.netty.channel.AbstractChannelHandlerContext.invokeChannelRead(AbstractChannelHandlerContext.java:420) ~[netty-transport-4.1.97.Final.jar:?]
	at knot/io.netty.channel.AbstractChannelHandlerContext.fireChannelRead(AbstractChannelHandlerContext.java:412) ~[netty-transport-4.1.97.Final.jar:?]
	at knot/io.netty.handler.flow.FlowControlHandler.dequeue(FlowControlHandler.java:202) ~[netty-handler-4.1.97.Final.jar:?]
	at knot/io.netty.handler.flow.FlowControlHandler.channelRead(FlowControlHandler.java:164) ~[netty-handler-4.1.97.Final.jar:?]
	at knot/io.netty.channel.AbstractChannelHandlerContext.invokeChannelRead(AbstractChannelHandlerContext.java:442) ~[netty-transport-4.1.97.Final.jar:?]
	at knot/io.netty.channel.AbstractChannelHandlerContext.invokeChannelRead(AbstractChannelHandlerContext.java:420) ~[netty-transport-4.1.97.Final.jar:?]
	at knot/io.netty.channel.AbstractChannelHandlerContext.fireChannelRead(AbstractChannelHandlerContext.java:412) ~[netty-transport-4.1.97.Final.jar:?]
	at knot/io.netty.handler.codec.ByteToMessageDecoder.fireChannelRead(ByteToMessageDecoder.java:346) ~[netty-codec-4.1.97.Final.jar:?]
	at knot/io.netty.handler.codec.ByteToMessageDecoder.fireChannelRead(ByteToMessageDecoder.java:333) ~[netty-codec-4.1.97.Final.jar:?]
	at knot/io.netty.handler.codec.ByteToMessageDecoder.callDecode(ByteToMessageDecoder.java:454) ~[netty-codec-4.1.97.Final.jar:?]
	at knot/io.netty.handler.codec.ByteToMessageDecoder.channelRead(ByteToMessageDecoder.java:290) ~[netty-codec-4.1.97.Final.jar:?]
	at knot/io.netty.channel.AbstractChannelHandlerContext.invokeChannelRead(AbstractChannelHandlerContext.java:444) ~[netty-transport-4.1.97.Final.jar:?]
	at knot/io.netty.channel.AbstractChannelHandlerContext.invokeChannelRead(AbstractChannelHandlerContext.java:420) ~[netty-transport-4.1.97.Final.jar:?]
	at knot/io.netty.channel.AbstractChannelHandlerContext.fireChannelRead(AbstractChannelHandlerContext.java:412) ~[netty-transport-4.1.97.Final.jar:?]
	at knot/net.minecraft.class_3238.channelRead(class_3238.java:74) ~[server-intermediary.jar:?]
	at knot/io.netty.channel.AbstractChannelHandlerContext.invokeChannelRead(AbstractChannelHandlerContext.java:444) ~[netty-transport-4.1.97.Final.jar:?]
	at knot/io.netty.channel.AbstractChannelHandlerContext.invokeChannelRead(AbstractChannelHandlerContext.java:420) ~[netty-transport-4.1.97.Final.jar:?]
	at knot/io.netty.channel.AbstractChannelHandlerContext.fireChannelRead(AbstractChannelHandlerContext.java:412) ~[netty-transport-4.1.97.Final.jar:?]
	at knot/io.netty.handler.timeout.IdleStateHandler.channelRead(IdleStateHandler.java:286) ~[netty-handler-4.1.97.Final.jar:?]
	at knot/io.netty.channel.AbstractChannelHandlerContext.invokeChannelRead(AbstractChannelHandlerContext.java:442) ~[netty-transport-4.1.97.Final.jar:?]
	at knot/io.netty.channel.AbstractChannelHandlerContext.invokeChannelRead(AbstractChannelHandlerContext.java:420) ~[netty-transport-4.1.97.Final.jar:?]
	at knot/io.netty.channel.AbstractChannelHandlerContext.fireChannelRead(AbstractChannelHandlerContext.java:412) ~[netty-transport-4.1.97.Final.jar:?]
	at knot/io.netty.channel.DefaultChannelPipeline$HeadContext.channelRead(DefaultChannelPipeline.java:1410) ~[netty-transport-4.1.97.Final.jar:?]
	at knot/io.netty.channel.AbstractChannelHandlerContext.invokeChannelRead(AbstractChannelHandlerContext.java:440) ~[netty-transport-4.1.97.Final.jar:?]
	at knot/io.netty.channel.AbstractChannelHandlerContext.invokeChannelRead(AbstractChannelHandlerContext.java:420) ~[netty-transport-4.1.97.Final.jar:?]
	at knot/io.netty.channel.DefaultChannelPipeline.fireChannelRead(DefaultChannelPipeline.java:919) ~[netty-transport-4.1.97.Final.jar:?]
	at knot/io.netty.channel.epoll.AbstractEpollStreamChannel$EpollStreamUnsafe.epollInReady(AbstractEpollStreamChannel.java:800) ~[netty-transport-classes-epoll-4.1.97.Final.jar:?]
	at knot/io.netty.channel.epoll.EpollEventLoop.processReady(EpollEventLoop.java:509) ~[netty-transport-classes-epoll-4.1.97.Final.jar:?]
	at knot/io.netty.channel.epoll.EpollEventLoop.run(EpollEventLoop.java:407) ~[netty-transport-classes-epoll-4.1.97.Final.jar:?]
	at knot/io.netty.util.concurrent.SingleThreadEventExecutor$4.run(SingleThreadEventExecutor.java:997) ~[netty-common-4.1.97.Final.jar:?]
	at knot/io.netty.util.internal.ThreadExecutorMap$2.run(ThreadExecutorMap.java:74) ~[netty-common-4.1.97.Final.jar:?]
	at java.base/java.lang.Thread.run(Thread.java:1583) [?:?]
[02:02:24] [Netty Epoll Server IO #7/ERROR]: Exception occurred in netty pipeline
io.netty.handler.codec.DecoderException: Received unknown packet id 3
	at knot/net.minecraft.class_9136.method_56425(class_9136.java:32) ~[server-intermediary.jar:?]
	at knot/net.minecraft.class_9136.decode(class_9136.java:14) ~[server-intermediary.jar:?]
	at knot/net.minecraft.class_2543.decode(class_2543.java:31) ~[server-intermediary.jar:?]
	at knot/io.netty.handler.codec.ByteToMessageDecoder.decodeRemovalReentryProtection(ByteToMessageDecoder.java:529) ~[netty-codec-4.1.97.Final.jar:?]
	at knot/io.netty.handler.codec.ByteToMessageDecoder.callDecode(ByteToMessageDecoder.java:468) ~[netty-codec-4.1.97.Final.jar:?]
	at knot/io.netty.handler.codec.ByteToMessageDecoder.channelRead(ByteToMessageDecoder.java:290) ~[netty-codec-4.1.97.Final.jar:?]
	at knot/io.netty.channel.AbstractChannelHandlerContext.invokeChannelRead(AbstractChannelHandlerContext.java:444) ~[netty-transport-4.1.97.Final.jar:?]
	at knot/io.netty.channel.AbstractChannelHandlerContext.invokeChannelRead(AbstractChannelHandlerContext.java:420) ~[netty-transport-4.1.97.Final.jar:?]
	at knot/io.netty.channel.AbstractChannelHandlerContext.fireChannelRead(AbstractChannelHandlerContext.java:412) ~[netty-transport-4.1.97.Final.jar:?]
	at knot/io.netty.handler.flow.FlowControlHandler.dequeue(FlowControlHandler.java:202) ~[netty-handler-4.1.97.Final.jar:?]
	at knot/io.netty.handler.flow.FlowControlHandler.channelRead(FlowControlHandler.java:164) ~[netty-handler-4.1.97.Final.jar:?]
	at knot/io.netty.channel.AbstractChannelHandlerContext.invokeChannelRead(AbstractChannelHandlerContext.java:442) ~[netty-transport-4.1.97.Final.jar:?]
	at knot/io.netty.channel.AbstractChannelHandlerContext.invokeChannelRead(AbstractChannelHandlerContext.java:420) ~[netty-transport-4.1.97.Final.jar:?]
	at knot/io.netty.channel.AbstractChannelHandlerContext.fireChannelRead(AbstractChannelHandlerContext.java:412) ~[netty-transport-4.1.97.Final.jar:?]
	at knot/io.netty.handler.codec.ByteToMessageDecoder.fireChannelRead(ByteToMessageDecoder.java:346) ~[netty-codec-4.1.97.Final.jar:?]
	at knot/io.netty.handler.codec.ByteToMessageDecoder.fireChannelRead(ByteToMessageDecoder.java:333) ~[netty-codec-4.1.97.Final.jar:?]
	at knot/io.netty.handler.codec.ByteToMessageDecoder.callDecode(ByteToMessageDecoder.java:454) ~[netty-codec-4.1.97.Final.jar:?]
	at knot/io.netty.handler.codec.ByteToMessageDecoder.channelRead(ByteToMessageDecoder.java:290) ~[netty-codec-4.1.97.Final.jar:?]
	at knot/io.netty.channel.AbstractChannelHandlerContext.invokeChannelRead(AbstractChannelHandlerContext.java:444) ~[netty-transport-4.1.97.Final.jar:?]
	at knot/io.netty.channel.AbstractChannelHandlerContext.invokeChannelRead(AbstractChannelHandlerContext.java:420) ~[netty-transport-4.1.97.Final.jar:?]
	at knot/io.netty.channel.AbstractChannelHandlerContext.fireChannelRead(AbstractChannelHandlerContext.java:412) ~[netty-transport-4.1.97.Final.jar:?]
	at knot/net.minecraft.class_3238.channelRead(class_3238.java:74) ~[server-intermediary.jar:?]
	at knot/io.netty.channel.AbstractChannelHandlerContext.invokeChannelRead(AbstractChannelHandlerContext.java:444) ~[netty-transport-4.1.97.Final.jar:?]
	at knot/io.netty.channel.AbstractChannelHandlerContext.invokeChannelRead(AbstractChannelHandlerContext.java:420) ~[netty-transport-4.1.97.Final.jar:?]
	at knot/io.netty.channel.AbstractChannelHandlerContext.fireChannelRead(AbstractChannelHandlerContext.java:412) ~[netty-transport-4.1.97.Final.jar:?]
	at knot/io.netty.handler.timeout.IdleStateHandler.channelRead(IdleStateHandler.java:286) ~[netty-handler-4.1.97.Final.jar:?]
	at knot/io.netty.channel.AbstractChannelHandlerContext.invokeChannelRead(AbstractChannelHandlerContext.java:442) ~[netty-transport-4.1.97.Final.jar:?]
	at knot/io.netty.channel.AbstractChannelHandlerContext.invokeChannelRead(AbstractChannelHandlerContext.java:420) ~[netty-transport-4.1.97.Final.jar:?]
	at knot/io.netty.channel.AbstractChannelHandlerContext.fireChannelRead(AbstractChannelHandlerContext.java:412) ~[netty-transport-4.1.97.Final.jar:?]
	at knot/io.netty.channel.DefaultChannelPipeline$HeadContext.channelRead(DefaultChannelPipeline.java:1410) ~[netty-transport-4.1.97.Final.jar:?]
	at knot/io.netty.channel.AbstractChannelHandlerContext.invokeChannelRead(AbstractChannelHandlerContext.java:440) ~[netty-transport-4.1.97.Final.jar:?]
	at knot/io.netty.channel.AbstractChannelHandlerContext.invokeChannelRead(AbstractChannelHandlerContext.java:420) ~[netty-transport-4.1.97.Final.jar:?]
	at knot/io.netty.channel.DefaultChannelPipeline.fireChannelRead(DefaultChannelPipeline.java:919) ~[netty-transport-4.1.97.Final.jar:?]
	at knot/io.netty.channel.epoll.AbstractEpollStreamChannel$EpollStreamUnsafe.epollInReady(AbstractEpollStreamChannel.java:800) ~[netty-transport-classes-epoll-4.1.97.Final.jar:?]
	at knot/io.netty.channel.epoll.EpollEventLoop.processReady(EpollEventLoop.java:509) ~[netty-transport-classes-epoll-4.1.97.Final.jar:?]
	at knot/io.netty.channel.epoll.EpollEventLoop.run(EpollEventLoop.java:407) ~[netty-transport-classes-epoll-4.1.97.Final.jar:?]
	at knot/io.netty.util.concurrent.SingleThreadEventExecutor$4.run(SingleThreadEventExecutor.java:997) ~[netty-common-4.1.97.Final.jar:?]
	at knot/io.netty.util.internal.ThreadExecutorMap$2.run(ThreadExecutorMap.java:74) ~[netty-common-4.1.97.Final.jar:?]
	at java.base/java.lang.Thread.run(Thread.java:1583) [?:?]
[02:02:24] [Netty Epoll Server IO #0/ERROR]: Exception occurred in netty pipeline
io.netty.handler.codec.DecoderException: Received unknown packet id 3
	at knot/net.minecraft.class_9136.method_56425(class_9136.java:32) ~[server-intermediary.jar:?]
	at knot/net.minecraft.class_9136.decode(class_9136.java:14) ~[server-intermediary.jar:?]
	at knot/net.minecraft.class_2543.decode(class_2543.java:31) ~[server-intermediary.jar:?]
	at knot/io.netty.handler.codec.ByteToMessageDecoder.decodeRemovalReentryProtection(ByteToMessageDecoder.java:529) ~[netty-codec-4.1.97.Final.jar:?]
	at knot/io.netty.handler.codec.ByteToMessageDecoder.callDecode(ByteToMessageDecoder.java:468) ~[netty-codec-4.1.97.Final.jar:?]
	at knot/io.netty.handler.codec.ByteToMessageDecoder.channelRead(ByteToMessageDecoder.java:290) ~[netty-codec-4.1.97.Final.jar:?]
	at knot/io.netty.channel.AbstractChannelHandlerContext.invokeChannelRead(AbstractChannelHandlerContext.java:444) ~[netty-transport-4.1.97.Final.jar:?]
	at knot/io.netty.channel.AbstractChannelHandlerContext.invokeChannelRead(AbstractChannelHandlerContext.java:420) ~[netty-transport-4.1.97.Final.jar:?]
	at knot/io.netty.channel.AbstractChannelHandlerContext.fireChannelRead(AbstractChannelHandlerContext.java:412) ~[netty-transport-4.1.97.Final.jar:?]
	at knot/io.netty.handler.flow.FlowControlHandler.dequeue(FlowControlHandler.java:202) ~[netty-handler-4.1.97.Final.jar:?]
	at knot/io.netty.handler.flow.FlowControlHandler.channelRead(FlowControlHandler.java:164) ~[netty-handler-4.1.97.Final.jar:?]
	at knot/io.netty.channel.AbstractChannelHandlerContext.invokeChannelRead(AbstractChannelHandlerContext.java:442) ~[netty-transport-4.1.97.Final.jar:?]
	at knot/io.netty.channel.AbstractChannelHandlerContext.invokeChannelRead(AbstractChannelHandlerContext.java:420) ~[netty-transport-4.1.97.Final.jar:?]
	at knot/io.netty.channel.AbstractChannelHandlerContext.fireChannelRead(AbstractChannelHandlerContext.java:412) ~[netty-transport-4.1.97.Final.jar:?]
	at knot/io.netty.handler.codec.ByteToMessageDecoder.fireChannelRead(ByteToMessageDecoder.java:346) ~[netty-codec-4.1.97.Final.jar:?]
	at knot/io.netty.handler.codec.ByteToMessageDecoder.fireChannelRead(ByteToMessageDecoder.java:333) ~[netty-codec-4.1.97.Final.jar:?]
	at knot/io.netty.handler.codec.ByteToMessageDecoder.callDecode(ByteToMessageDecoder.java:454) ~[netty-codec-4.1.97.Final.jar:?]
	at knot/io.netty.handler.codec.ByteToMessageDecoder.channelRead(ByteToMessageDecoder.java:290) ~[netty-codec-4.1.97.Final.jar:?]
	at knot/io.netty.channel.AbstractChannelHandlerContext.invokeChannelRead(AbstractChannelHandlerContext.java:444) ~[netty-transport-4.1.97.Final.jar:?]
	at knot/io.netty.channel.AbstractChannelHandlerContext.invokeChannelRead(AbstractChannelHandlerContext.java:420) ~[netty-transport-4.1.97.Final.jar:?]
	at knot/io.netty.channel.AbstractChannelHandlerContext.fireChannelRead(AbstractChannelHandlerContext.java:412) ~[netty-transport-4.1.97.Final.jar:?]
	at knot/net.minecraft.class_3238.channelRead(class_3238.java:74) ~[server-intermediary.jar:?]
	at knot/io.netty.channel.AbstractChannelHandlerContext.invokeChannelRead(AbstractChannelHandlerContext.java:444) ~[netty-transport-4.1.97.Final.jar:?]
	at knot/io.netty.channel.AbstractChannelHandlerContext.invokeChannelRead(AbstractChannelHandlerContext.java:420) ~[netty-transport-4.1.97.Final.jar:?]
	at knot/io.netty.channel.AbstractChannelHandlerContext.fireChannelRead(AbstractChannelHandlerContext.java:412) ~[netty-transport-4.1.97.Final.jar:?]
	at knot/io.netty.handler.timeout.IdleStateHandler.channelRead(IdleStateHandler.java:286) ~[netty-handler-4.1.97.Final.jar:?]
	at knot/io.netty.channel.AbstractChannelHandlerContext.invokeChannelRead(AbstractChannelHandlerContext.java:442) ~[netty-transport-4.1.97.Final.jar:?]
	at knot/io.netty.channel.AbstractChannelHandlerContext.invokeChannelRead(AbstractChannelHandlerContext.java:420) ~[netty-transport-4.1.97.Final.jar:?]
	at knot/io.netty.channel.AbstractChannelHandlerContext.fireChannelRead(AbstractChannelHandlerContext.java:412) ~[netty-transport-4.1.97.Final.jar:?]
	at knot/io.netty.channel.DefaultChannelPipeline$HeadContext.channelRead(DefaultChannelPipeline.java:1410) ~[netty-transport-4.1.97.Final.jar:?]
	at knot/io.netty.channel.AbstractChannelHandlerContext.invokeChannelRead(AbstractChannelHandlerContext.java:440) ~[netty-transport-4.1.97.Final.jar:?]
	at knot/io.netty.channel.AbstractChannelHandlerContext.invokeChannelRead(AbstractChannelHandlerContext.java:420) ~[netty-transport-4.1.97.Final.jar:?]
	at knot/io.netty.channel.DefaultChannelPipeline.fireChannelRead(DefaultChannelPipeline.java:919) ~[netty-transport-4.1.97.Final.jar:?]
	at knot/io.netty.channel.epoll.AbstractEpollStreamChannel$EpollStreamUnsafe.epollInReady(AbstractEpollStreamChannel.java:800) ~[netty-transport-classes-epoll-4.1.97.Final.jar:?]
	at knot/io.netty.channel.epoll.EpollEventLoop.processReady(EpollEventLoop.java:509) ~[netty-transport-classes-epoll-4.1.97.Final.jar:?]
	at knot/io.netty.channel.epoll.EpollEventLoop.run(EpollEventLoop.java:407) ~[netty-transport-classes-epoll-4.1.97.Final.jar:?]
	at knot/io.netty.util.concurrent.SingleThreadEventExecutor$4.run(SingleThreadEventExecutor.java:997) ~[netty-common-4.1.97.Final.jar:?]
	at knot/io.netty.util.internal.ThreadExecutorMap$2.run(ThreadExecutorMap.java:74) ~[netty-common-4.1.97.Final.jar:?]
	at java.base/java.lang.Thread.run(Thread.java:1583) [?:?]
[02:02:24] [Netty Epoll Server IO #1/ERROR]: Exception occurred in netty pipeline
io.netty.handler.codec.DecoderException: Received unknown packet id 3
	at knot/net.minecraft.class_9136.method_56425(class_9136.java:32) ~[server-intermediary.jar:?]
	at knot/net.minecraft.class_9136.decode(class_9136.java:14) ~[server-intermediary.jar:?]
	at knot/net.minecraft.class_2543.decode(class_2543.java:31) ~[server-intermediary.jar:?]
	at knot/io.netty.handler.codec.ByteToMessageDecoder.decodeRemovalReentryProtection(ByteToMessageDecoder.java:529) ~[netty-codec-4.1.97.Final.jar:?]
	at knot/io.netty.handler.codec.ByteToMessageDecoder.callDecode(ByteToMessageDecoder.java:468) ~[netty-codec-4.1.97.Final.jar:?]
	at knot/io.netty.handler.codec.ByteToMessageDecoder.channelRead(ByteToMessageDecoder.java:290) ~[netty-codec-4.1.97.Final.jar:?]
	at knot/io.netty.channel.AbstractChannelHandlerContext.invokeChannelRead(AbstractChannelHandlerContext.java:444) ~[netty-transport-4.1.97.Final.jar:?]
	at knot/io.netty.channel.AbstractChannelHandlerContext.invokeChannelRead(AbstractChannelHandlerContext.java:420) ~[netty-transport-4.1.97.Final.jar:?]
	at knot/io.netty.channel.AbstractChannelHandlerContext.fireChannelRead(AbstractChannelHandlerContext.java:412) ~[netty-transport-4.1.97.Final.jar:?]
	at knot/io.netty.handler.flow.FlowControlHandler.dequeue(FlowControlHandler.java:202) ~[netty-handler-4.1.97.Final.jar:?]
	at knot/io.netty.handler.flow.FlowControlHandler.channelRead(FlowControlHandler.java:164) ~[netty-handler-4.1.97.Final.jar:?]
	at knot/io.netty.channel.AbstractChannelHandlerContext.invokeChannelRead(AbstractChannelHandlerContext.java:442) ~[netty-transport-4.1.97.Final.jar:?]
	at knot/io.netty.channel.AbstractChannelHandlerContext.invokeChannelRead(AbstractChannelHandlerContext.java:420) ~[netty-transport-4.1.97.Final.jar:?]
	at knot/io.netty.channel.AbstractChannelHandlerContext.fireChannelRead(AbstractChannelHandlerContext.java:412) ~[netty-transport-4.1.97.Final.jar:?]
	at knot/io.netty.handler.codec.ByteToMessageDecoder.fireChannelRead(ByteToMessageDecoder.java:346) ~[netty-codec-4.1.97.Final.jar:?]
	at knot/io.netty.handler.codec.ByteToMessageDecoder.fireChannelRead(ByteToMessageDecoder.java:333) ~[netty-codec-4.1.97.Final.jar:?]
	at knot/io.netty.handler.codec.ByteToMessageDecoder.callDecode(ByteToMessageDecoder.java:454) ~[netty-codec-4.1.97.Final.jar:?]
	at knot/io.netty.handler.codec.ByteToMessageDecoder.channelRead(ByteToMessageDecoder.java:290) ~[netty-codec-4.1.97.Final.jar:?]
	at knot/io.netty.channel.AbstractChannelHandlerContext.invokeChannelRead(AbstractChannelHandlerContext.java:444) ~[netty-transport-4.1.97.Final.jar:?]
	at knot/io.netty.channel.AbstractChannelHandlerContext.invokeChannelRead(AbstractChannelHandlerContext.java:420) ~[netty-transport-4.1.97.Final.jar:?]
	at knot/io.netty.channel.AbstractChannelHandlerContext.fireChannelRead(AbstractChannelHandlerContext.java:412) ~[netty-transport-4.1.97.Final.jar:?]
	at knot/net.minecraft.class_3238.channelRead(class_3238.java:74) ~[server-intermediary.jar:?]
	at knot/io.netty.channel.AbstractChannelHandlerContext.invokeChannelRead(AbstractChannelHandlerContext.java:444) ~[netty-transport-4.1.97.Final.jar:?]
	at knot/io.netty.channel.AbstractChannelHandlerContext.invokeChannelRead(AbstractChannelHandlerContext.java:420) ~[netty-transport-4.1.97.Final.jar:?]
	at knot/io.netty.channel.AbstractChannelHandlerContext.fireChannelRead(AbstractChannelHandlerContext.java:412) ~[netty-transport-4.1.97.Final.jar:?]
	at knot/io.netty.handler.timeout.IdleStateHandler.channelRead(IdleStateHandler.java:286) ~[netty-handler-4.1.97.Final.jar:?]
	at knot/io.netty.channel.AbstractChannelHandlerContext.invokeChannelRead(AbstractChannelHandlerContext.java:442) ~[netty-transport-4.1.97.Final.jar:?]
	at knot/io.netty.channel.AbstractChannelHandlerContext.invokeChannelRead(AbstractChannelHandlerContext.java:420) ~[netty-transport-4.1.97.Final.jar:?]
	at knot/io.netty.channel.AbstractChannelHandlerContext.fireChannelRead(AbstractChannelHandlerContext.java:412) ~[netty-transport-4.1.97.Final.jar:?]
	at knot/io.netty.channel.DefaultChannelPipeline$HeadContext.channelRead(DefaultChannelPipeline.java:1410) ~[netty-transport-4.1.97.Final.jar:?]
	at knot/io.netty.channel.AbstractChannelHandlerContext.invokeChannelRead(AbstractChannelHandlerContext.java:440) ~[netty-transport-4.1.97.Final.jar:?]
	at knot/io.netty.channel.AbstractChannelHandlerContext.invokeChannelRead(AbstractChannelHandlerContext.java:420) ~[netty-transport-4.1.97.Final.jar:?]
	at knot/io.netty.channel.DefaultChannelPipeline.fireChannelRead(DefaultChannelPipeline.java:919) ~[netty-transport-4.1.97.Final.jar:?]
	at knot/io.netty.channel.epoll.AbstractEpollStreamChannel$EpollStreamUnsafe.epollInReady(AbstractEpollStreamChannel.java:800) ~[netty-transport-classes-epoll-4.1.97.Final.jar:?]
	at knot/io.netty.channel.epoll.EpollEventLoop.processReady(EpollEventLoop.java:509) ~[netty-transport-classes-epoll-4.1.97.Final.jar:?]
	at knot/io.netty.channel.epoll.EpollEventLoop.run(EpollEventLoop.java:407) ~[netty-transport-classes-epoll-4.1.97.Final.jar:?]
	at knot/io.netty.util.concurrent.SingleThreadEventExecutor$4.run(SingleThreadEventExecutor.java:997) ~[netty-common-4.1.97.Final.jar:?]
	at knot/io.netty.util.internal.ThreadExecutorMap$2.run(ThreadExecutorMap.java:74) ~[netty-common-4.1.97.Final.jar:?]
	at java.base/java.lang.Thread.run(Thread.java:1583) [?:?]
[02:02:25] [Netty Epoll Server IO #2/ERROR]: Exception occurred in netty pipeline
io.netty.handler.codec.DecoderException: Received unknown packet id 3
	at knot/net.minecraft.class_9136.method_56425(class_9136.java:32) ~[server-intermediary.jar:?]
	at knot/net.minecraft.class_9136.decode(class_9136.java:14) ~[server-intermediary.jar:?]
	at knot/net.minecraft.class_2543.decode(class_2543.java:31) ~[server-intermediary.jar:?]
	at knot/io.netty.handler.codec.ByteToMessageDecoder.decodeRemovalReentryProtection(ByteToMessageDecoder.java:529) ~[netty-codec-4.1.97.Final.jar:?]
	at knot/io.netty.handler.codec.ByteToMessageDecoder.callDecode(ByteToMessageDecoder.java:468) ~[netty-codec-4.1.97.Final.jar:?]
	at knot/io.netty.handler.codec.ByteToMessageDecoder.channelRead(ByteToMessageDecoder.java:290) ~[netty-codec-4.1.97.Final.jar:?]
	at knot/io.netty.channel.AbstractChannelHandlerContext.invokeChannelRead(AbstractChannelHandlerContext.java:444) ~[netty-transport-4.1.97.Final.jar:?]
	at knot/io.netty.channel.AbstractChannelHandlerContext.invokeChannelRead(AbstractChannelHandlerContext.java:420) ~[netty-transport-4.1.97.Final.jar:?]
	at knot/io.netty.channel.AbstractChannelHandlerContext.fireChannelRead(AbstractChannelHandlerContext.java:412) ~[netty-transport-4.1.97.Final.jar:?]
	at knot/io.netty.handler.flow.FlowControlHandler.dequeue(FlowControlHandler.java:202) ~[netty-handler-4.1.97.Final.jar:?]
	at knot/io.netty.handler.flow.FlowControlHandler.channelRead(FlowControlHandler.java:164) ~[netty-handler-4.1.97.Final.jar:?]
	at knot/io.netty.channel.AbstractChannelHandlerContext.invokeChannelRead(AbstractChannelHandlerContext.java:442) ~[netty-transport-4.1.97.Final.jar:?]
	at knot/io.netty.channel.AbstractChannelHandlerContext.invokeChannelRead(AbstractChannelHandlerContext.java:420) ~[netty-transport-4.1.97.Final.jar:?]
	at knot/io.netty.channel.AbstractChannelHandlerContext.fireChannelRead(AbstractChannelHandlerContext.java:412) ~[netty-transport-4.1.97.Final.jar:?]
	at knot/io.netty.handler.codec.ByteToMessageDecoder.fireChannelRead(ByteToMessageDecoder.java:346) ~[netty-codec-4.1.97.Final.jar:?]
	at knot/io.netty.handler.codec.ByteToMessageDecoder.fireChannelRead(ByteToMessageDecoder.java:333) ~[netty-codec-4.1.97.Final.jar:?]
	at knot/io.netty.handler.codec.ByteToMessageDecoder.callDecode(ByteToMessageDecoder.java:454) ~[netty-codec-4.1.97.Final.jar:?]
	at knot/io.netty.handler.codec.ByteToMessageDecoder.channelRead(ByteToMessageDecoder.java:290) ~[netty-codec-4.1.97.Final.jar:?]
	at knot/io.netty.channel.AbstractChannelHandlerContext.invokeChannelRead(AbstractChannelHandlerContext.java:444) ~[netty-transport-4.1.97.Final.jar:?]
	at knot/io.netty.channel.AbstractChannelHandlerContext.invokeChannelRead(AbstractChannelHandlerContext.java:420) ~[netty-transport-4.1.97.Final.jar:?]
	at knot/io.netty.channel.AbstractChannelHandlerContext.fireChannelRead(AbstractChannelHandlerContext.java:412) ~[netty-transport-4.1.97.Final.jar:?]
	at knot/net.minecraft.class_3238.channelRead(class_3238.java:74) ~[server-intermediary.jar:?]
	at knot/io.netty.channel.AbstractChannelHandlerContext.invokeChannelRead(AbstractChannelHandlerContext.java:444) ~[netty-transport-4.1.97.Final.jar:?]
	at knot/io.netty.channel.AbstractChannelHandlerContext.invokeChannelRead(AbstractChannelHandlerContext.java:420) ~[netty-transport-4.1.97.Final.jar:?]
	at knot/io.netty.channel.AbstractChannelHandlerContext.fireChannelRead(AbstractChannelHandlerContext.java:412) ~[netty-transport-4.1.97.Final.jar:?]
	at knot/io.netty.handler.timeout.IdleStateHandler.channelRead(IdleStateHandler.java:286) ~[netty-handler-4.1.97.Final.jar:?]
	at knot/io.netty.channel.AbstractChannelHandlerContext.invokeChannelRead(AbstractChannelHandlerContext.java:442) ~[netty-transport-4.1.97.Final.jar:?]
	at knot/io.netty.channel.AbstractChannelHandlerContext.invokeChannelRead(AbstractChannelHandlerContext.java:420) ~[netty-transport-4.1.97.Final.jar:?]
	at knot/io.netty.channel.AbstractChannelHandlerContext.fireChannelRead(AbstractChannelHandlerContext.java:412) ~[netty-transport-4.1.97.Final.jar:?]
	at knot/io.netty.channel.DefaultChannelPipeline$HeadContext.channelRead(DefaultChannelPipeline.java:1410) ~[netty-transport-4.1.97.Final.jar:?]
	at knot/io.netty.channel.AbstractChannelHandlerContext.invokeChannelRead(AbstractChannelHandlerContext.java:440) ~[netty-transport-4.1.97.Final.jar:?]
	at knot/io.netty.channel.AbstractChannelHandlerContext.invokeChannelRead(AbstractChannelHandlerContext.java:420) ~[netty-transport-4.1.97.Final.jar:?]
	at knot/io.netty.channel.DefaultChannelPipeline.fireChannelRead(DefaultChannelPipeline.java:919) ~[netty-transport-4.1.97.Final.jar:?]
	at knot/io.netty.channel.epoll.AbstractEpollStreamChannel$EpollStreamUnsafe.epollInReady(AbstractEpollStreamChannel.java:800) ~[netty-transport-classes-epoll-4.1.97.Final.jar:?]
	at knot/io.netty.channel.epoll.EpollEventLoop.processReady(EpollEventLoop.java:509) ~[netty-transport-classes-epoll-4.1.97.Final.jar:?]
	at knot/io.netty.channel.epoll.EpollEventLoop.run(EpollEventLoop.java:407) ~[netty-transport-classes-epoll-4.1.97.Final.jar:?]
	at knot/io.netty.util.concurrent.SingleThreadEventExecutor$4.run(SingleThreadEventExecutor.java:997) ~[netty-common-4.1.97.Final.jar:?]
	at knot/io.netty.util.internal.ThreadExecutorMap$2.run(ThreadExecutorMap.java:74) ~[netty-common-4.1.97.Final.jar:?]
	at java.base/java.lang.Thread.run(Thread.java:1583) [?:?]
[02:02:36] [Netty Epoll Server IO #3/ERROR]: Exception occurred in netty pipeline
io.netty.handler.codec.DecoderException: Received unknown packet id 3
	at knot/net.minecraft.class_9136.method_56425(class_9136.java:32) ~[server-intermediary.jar:?]
	at knot/net.minecraft.class_9136.decode(class_9136.java:14) ~[server-intermediary.jar:?]
	at knot/net.minecraft.class_2543.decode(class_2543.java:31) ~[server-intermediary.jar:?]
	at knot/io.netty.handler.codec.ByteToMessageDecoder.decodeRemovalReentryProtection(ByteToMessageDecoder.java:529) ~[netty-codec-4.1.97.Final.jar:?]
	at knot/io.netty.handler.codec.ByteToMessageDecoder.callDecode(ByteToMessageDecoder.java:468) ~[netty-codec-4.1.97.Final.jar:?]
	at knot/io.netty.handler.codec.ByteToMessageDecoder.channelRead(ByteToMessageDecoder.java:290) ~[netty-codec-4.1.97.Final.jar:?]
	at knot/io.netty.channel.AbstractChannelHandlerContext.invokeChannelRead(AbstractChannelHandlerContext.java:444) ~[netty-transport-4.1.97.Final.jar:?]
	at knot/io.netty.channel.AbstractChannelHandlerContext.invokeChannelRead(AbstractChannelHandlerContext.java:420) ~[netty-transport-4.1.97.Final.jar:?]
	at knot/io.netty.channel.AbstractChannelHandlerContext.fireChannelRead(AbstractChannelHandlerContext.java:412) ~[netty-transport-4.1.97.Final.jar:?]
	at knot/io.netty.handler.flow.FlowControlHandler.dequeue(FlowControlHandler.java:202) ~[netty-handler-4.1.97.Final.jar:?]
	at knot/io.netty.handler.flow.FlowControlHandler.channelRead(FlowControlHandler.java:164) ~[netty-handler-4.1.97.Final.jar:?]
	at knot/io.netty.channel.AbstractChannelHandlerContext.invokeChannelRead(AbstractChannelHandlerContext.java:442) ~[netty-transport-4.1.97.Final.jar:?]
	at knot/io.netty.channel.AbstractChannelHandlerContext.invokeChannelRead(AbstractChannelHandlerContext.java:420) ~[netty-transport-4.1.97.Final.jar:?]
	at knot/io.netty.channel.AbstractChannelHandlerContext.fireChannelRead(AbstractChannelHandlerContext.java:412) ~[netty-transport-4.1.97.Final.jar:?]
	at knot/io.netty.handler.codec.ByteToMessageDecoder.fireChannelRead(ByteToMessageDecoder.java:346) ~[netty-codec-4.1.97.Final.jar:?]
	at knot/io.netty.handler.codec.ByteToMessageDecoder.fireChannelRead(ByteToMessageDecoder.java:333) ~[netty-codec-4.1.97.Final.jar:?]
	at knot/io.netty.handler.codec.ByteToMessageDecoder.callDecode(ByteToMessageDecoder.java:454) ~[netty-codec-4.1.97.Final.jar:?]
	at knot/io.netty.handler.codec.ByteToMessageDecoder.channelRead(ByteToMessageDecoder.java:290) ~[netty-codec-4.1.97.Final.jar:?]
	at knot/io.netty.channel.AbstractChannelHandlerContext.invokeChannelRead(AbstractChannelHandlerContext.java:444) ~[netty-transport-4.1.97.Final.jar:?]
	at knot/io.netty.channel.AbstractChannelHandlerContext.invokeChannelRead(AbstractChannelHandlerContext.java:420) ~[netty-transport-4.1.97.Final.jar:?]
	at knot/io.netty.channel.AbstractChannelHandlerContext.fireChannelRead(AbstractChannelHandlerContext.java:412) ~[netty-transport-4.1.97.Final.jar:?]
	at knot/net.minecraft.class_3238.channelRead(class_3238.java:74) ~[server-intermediary.jar:?]
	at knot/io.netty.channel.AbstractChannelHandlerContext.invokeChannelRead(AbstractChannelHandlerContext.java:444) ~[netty-transport-4.1.97.Final.jar:?]
	at knot/io.netty.channel.AbstractChannelHandlerContext.invokeChannelRead(AbstractChannelHandlerContext.java:420) ~[netty-transport-4.1.97.Final.jar:?]
	at knot/io.netty.channel.AbstractChannelHandlerContext.fireChannelRead(AbstractChannelHandlerContext.java:412) ~[netty-transport-4.1.97.Final.jar:?]
	at knot/io.netty.handler.timeout.IdleStateHandler.channelRead(IdleStateHandler.java:286) ~[netty-handler-4.1.97.Final.jar:?]
	at knot/io.netty.channel.AbstractChannelHandlerContext.invokeChannelRead(AbstractChannelHandlerContext.java:442) ~[netty-transport-4.1.97.Final.jar:?]
	at knot/io.netty.channel.AbstractChannelHandlerContext.invokeChannelRead(AbstractChannelHandlerContext.java:420) ~[netty-transport-4.1.97.Final.jar:?]
	at knot/io.netty.channel.AbstractChannelHandlerContext.fireChannelRead(AbstractChannelHandlerContext.java:412) ~[netty-transport-4.1.97.Final.jar:?]
	at knot/io.netty.channel.DefaultChannelPipeline$HeadContext.channelRead(DefaultChannelPipeline.java:1410) ~[netty-transport-4.1.97.Final.jar:?]
	at knot/io.netty.channel.AbstractChannelHandlerContext.invokeChannelRead(AbstractChannelHandlerContext.java:440) ~[netty-transport-4.1.97.Final.jar:?]
	at knot/io.netty.channel.AbstractChannelHandlerContext.invokeChannelRead(AbstractChannelHandlerContext.java:420) ~[netty-transport-4.1.97.Final.jar:?]
	at knot/io.netty.channel.DefaultChannelPipeline.fireChannelRead(DefaultChannelPipeline.java:919) ~[netty-transport-4.1.97.Final.jar:?]
	at knot/io.netty.channel.epoll.AbstractEpollStreamChannel$EpollStreamUnsafe.epollInReady(AbstractEpollStreamChannel.java:800) ~[netty-transport-classes-epoll-4.1.97.Final.jar:?]
	at knot/io.netty.channel.epoll.EpollEventLoop.processReady(EpollEventLoop.java:509) ~[netty-transport-classes-epoll-4.1.97.Final.jar:?]
	at knot/io.netty.channel.epoll.EpollEventLoop.run(EpollEventLoop.java:407) ~[netty-transport-classes-epoll-4.1.97.Final.jar:?]
	at knot/io.netty.util.concurrent.SingleThreadEventExecutor$4.run(SingleThreadEventExecutor.java:997) ~[netty-common-4.1.97.Final.jar:?]
	at knot/io.netty.util.internal.ThreadExecutorMap$2.run(ThreadExecutorMap.java:74) ~[netty-common-4.1.97.Final.jar:?]
	at java.base/java.lang.Thread.run(Thread.java:1583) [?:?]
[02:02:36] [Netty Epoll Server IO #4/ERROR]: Exception occurred in netty pipeline
io.netty.handler.codec.DecoderException: Received unknown packet id 3
	at knot/net.minecraft.class_9136.method_56425(class_9136.java:32) ~[server-intermediary.jar:?]
	at knot/net.minecraft.class_9136.decode(class_9136.java:14) ~[server-intermediary.jar:?]
	at knot/net.minecraft.class_2543.decode(class_2543.java:31) ~[server-intermediary.jar:?]
	at knot/io.netty.handler.codec.ByteToMessageDecoder.decodeRemovalReentryProtection(ByteToMessageDecoder.java:529) ~[netty-codec-4.1.97.Final.jar:?]
	at knot/io.netty.handler.codec.ByteToMessageDecoder.callDecode(ByteToMessageDecoder.java:468) ~[netty-codec-4.1.97.Final.jar:?]
	at knot/io.netty.handler.codec.ByteToMessageDecoder.channelRead(ByteToMessageDecoder.java:290) ~[netty-codec-4.1.97.Final.jar:?]
	at knot/io.netty.channel.AbstractChannelHandlerContext.invokeChannelRead(AbstractChannelHandlerContext.java:444) ~[netty-transport-4.1.97.Final.jar:?]
	at knot/io.netty.channel.AbstractChannelHandlerContext.invokeChannelRead(AbstractChannelHandlerContext.java:420) ~[netty-transport-4.1.97.Final.jar:?]
	at knot/io.netty.channel.AbstractChannelHandlerContext.fireChannelRead(AbstractChannelHandlerContext.java:412) ~[netty-transport-4.1.97.Final.jar:?]
	at knot/io.netty.handler.flow.FlowControlHandler.dequeue(FlowControlHandler.java:202) ~[netty-handler-4.1.97.Final.jar:?]
	at knot/io.netty.handler.flow.FlowControlHandler.channelRead(FlowControlHandler.java:164) ~[netty-handler-4.1.97.Final.jar:?]
	at knot/io.netty.channel.AbstractChannelHandlerContext.invokeChannelRead(AbstractChannelHandlerContext.java:442) ~[netty-transport-4.1.97.Final.jar:?]
	at knot/io.netty.channel.AbstractChannelHandlerContext.invokeChannelRead(AbstractChannelHandlerContext.java:420) ~[netty-transport-4.1.97.Final.jar:?]
	at knot/io.netty.channel.AbstractChannelHandlerContext.fireChannelRead(AbstractChannelHandlerContext.java:412) ~[netty-transport-4.1.97.Final.jar:?]
	at knot/io.netty.handler.codec.ByteToMessageDecoder.fireChannelRead(ByteToMessageDecoder.java:346) ~[netty-codec-4.1.97.Final.jar:?]
	at knot/io.netty.handler.codec.ByteToMessageDecoder.fireChannelRead(ByteToMessageDecoder.java:333) ~[netty-codec-4.1.97.Final.jar:?]
	at knot/io.netty.handler.codec.ByteToMessageDecoder.callDecode(ByteToMessageDecoder.java:454) ~[netty-codec-4.1.97.Final.jar:?]
	at knot/io.netty.handler.codec.ByteToMessageDecoder.channelRead(ByteToMessageDecoder.java:290) ~[netty-codec-4.1.97.Final.jar:?]
	at knot/io.netty.channel.AbstractChannelHandlerContext.invokeChannelRead(AbstractChannelHandlerContext.java:444) ~[netty-transport-4.1.97.Final.jar:?]
	at knot/io.netty.channel.AbstractChannelHandlerContext.invokeChannelRead(AbstractChannelHandlerContext.java:420) ~[netty-transport-4.1.97.Final.jar:?]
	at knot/io.netty.channel.AbstractChannelHandlerContext.fireChannelRead(AbstractChannelHandlerContext.java:412) ~[netty-transport-4.1.97.Final.jar:?]
	at knot/net.minecraft.class_3238.channelRead(class_3238.java:74) ~[server-intermediary.jar:?]
	at knot/io.netty.channel.AbstractChannelHandlerContext.invokeChannelRead(AbstractChannelHandlerContext.java:444) ~[netty-transport-4.1.97.Final.jar:?]
	at knot/io.netty.channel.AbstractChannelHandlerContext.invokeChannelRead(AbstractChannelHandlerContext.java:420) ~[netty-transport-4.1.97.Final.jar:?]
	at knot/io.netty.channel.AbstractChannelHandlerContext.fireChannelRead(AbstractChannelHandlerContext.java:412) ~[netty-transport-4.1.97.Final.jar:?]
	at knot/io.netty.handler.timeout.IdleStateHandler.channelRead(IdleStateHandler.java:286) ~[netty-handler-4.1.97.Final.jar:?]
	at knot/io.netty.channel.AbstractChannelHandlerContext.invokeChannelRead(AbstractChannelHandlerContext.java:442) ~[netty-transport-4.1.97.Final.jar:?]
	at knot/io.netty.channel.AbstractChannelHandlerContext.invokeChannelRead(AbstractChannelHandlerContext.java:420) ~[netty-transport-4.1.97.Final.jar:?]
	at knot/io.netty.channel.AbstractChannelHandlerContext.fireChannelRead(AbstractChannelHandlerContext.java:412) ~[netty-transport-4.1.97.Final.jar:?]
	at knot/io.netty.channel.DefaultChannelPipeline$HeadContext.channelRead(DefaultChannelPipeline.java:1410) ~[netty-transport-4.1.97.Final.jar:?]
	at knot/io.netty.channel.AbstractChannelHandlerContext.invokeChannelRead(AbstractChannelHandlerContext.java:440) ~[netty-transport-4.1.97.Final.jar:?]
	at knot/io.netty.channel.AbstractChannelHandlerContext.invokeChannelRead(AbstractChannelHandlerContext.java:420) ~[netty-transport-4.1.97.Final.jar:?]
	at knot/io.netty.channel.DefaultChannelPipeline.fireChannelRead(DefaultChannelPipeline.java:919) ~[netty-transport-4.1.97.Final.jar:?]
	at knot/io.netty.channel.epoll.AbstractEpollStreamChannel$EpollStreamUnsafe.epollInReady(AbstractEpollStreamChannel.java:800) ~[netty-transport-classes-epoll-4.1.97.Final.jar:?]
	at knot/io.netty.channel.epoll.EpollEventLoop.processReady(EpollEventLoop.java:509) ~[netty-transport-classes-epoll-4.1.97.Final.jar:?]
	at knot/io.netty.channel.epoll.EpollEventLoop.run(EpollEventLoop.java:407) ~[netty-transport-classes-epoll-4.1.97.Final.jar:?]
	at knot/io.netty.util.concurrent.SingleThreadEventExecutor$4.run(SingleThreadEventExecutor.java:997) ~[netty-common-4.1.97.Final.jar:?]
	at knot/io.netty.util.internal.ThreadExecutorMap$2.run(ThreadExecutorMap.java:74) ~[netty-common-4.1.97.Final.jar:?]
	at java.base/java.lang.Thread.run(Thread.java:1583) [?:?]
[02:48:34] [Server console handler/ERROR]: Exception handling console input
java.io.IOException: Input/output error
	at java.base/java.io.FileInputStream.readBytes(Native Method) ~[?:?]
	at java.base/java.io.FileInputStream.read(FileInputStream.java:287) ~[?:?]
	at java.base/java.io.BufferedInputStream.read1(BufferedInputStream.java:345) ~[?:?]
	at java.base/java.io.BufferedInputStream.implRead(BufferedInputStream.java:420) ~[?:?]
	at java.base/java.io.BufferedInputStream.read(BufferedInputStream.java:399) ~[?:?]
	at java.base/sun.nio.cs.StreamDecoder.readBytes(StreamDecoder.java:350) ~[?:?]
	at java.base/sun.nio.cs.StreamDecoder.implRead(StreamDecoder.java:393) ~[?:?]
	at java.base/sun.nio.cs.StreamDecoder.lockedRead(StreamDecoder.java:217) ~[?:?]
	at java.base/sun.nio.cs.StreamDecoder.read(StreamDecoder.java:171) ~[?:?]
	at java.base/java.io.InputStreamReader.read(InputStreamReader.java:188) ~[?:?]
	at java.base/java.io.BufferedReader.fill(BufferedReader.java:160) ~[?:?]
	at java.base/java.io.BufferedReader.implReadLine(BufferedReader.java:370) ~[?:?]
	at java.base/java.io.BufferedReader.readLine(BufferedReader.java:347) ~[?:?]
	at java.base/java.io.BufferedReader.readLine(BufferedReader.java:436) ~[?:?]
	at knot/net.minecraft.class_3176$1.run(class_3176.java:103) [server-intermediary.jar:?]
